Gym has been unmaintained since 2022 and does not support NumPy 2.0 amongst other critical functionality.
Please upgrade to Gymnasium, the maintained drop-in replacement of Gym, or contact the authors of your software and request that they upgrade.
Users of this version of Gym should be able to simply replace 'import gym' with 'import gymnasium as gym' in the vast majority of cases.
See the migration guide at https://gymnasium.farama.org/introduction/migration_guide/ for additional information.
[BRIDGE] Mapped shared memory: /dev/shm/zenedge_test (1048576 bytes)
[MODELS] Initialized with device: cuda
[MODELS] Model directory: /home/dj/zenedge/zenedge/models
[BRIDGE] Command ring: magic=0x00000000, head=0, tail=0, size=0
[BRIDGE] Response ring: magic=0x00000000, head=0, tail=0, size=0
[BRIDGE] Doorbell magic: 0x00000000
[BRIDGE] WARNING: Command ring not initialized (expected 0x51deca9e)
[BRIDGE] WARNING: Response ring not initialized (expected 0x52535030)
[BRIDGE] WARNING: Doorbell not initialized (expected 0x444f4f52)
[GYM] Initialized environment: CartPole-v1
[GYM] Bridge running. Waiting for Kernel commands...
[BRIDGE] Starting main loop (Ctrl+C to stop)
[BRIDGE] Poll interval: 1.0ms
[BRIDGE] Received: RUN_MODEL payload=1 flags=0x0000
[BRIDGE] No handler for RUN_MODEL
[BRIDGE] Received: RUN_MODEL payload=0 flags=0x0000
[BRIDGE] No handler for RUN_MODEL
[BRIDGE] Received: RUN_MODEL payload=0 flags=0x0000
[BRIDGE] No handler for RUN_MODEL
[BRIDGE] Received: RUN_MODEL payload=0 flags=0x0000
[BRIDGE] No handler for RUN_MODEL
[BRIDGE] Received: RUN_MODEL payload=0 flags=0x0000
[BRIDGE] No handler for RUN_MODEL
[BRIDGE] Received: RUN_MODEL payload=5 flags=0x0000
[BRIDGE] No handler for RUN_MODEL
[BRIDGE] Received: RUN_MODEL payload=5 flags=0x0000
[BRIDGE] No handler for RUN_MODEL
[BRIDGE] Received: RUN_MODEL payload=5 flags=0x0000
[BRIDGE] No handler for RUN_MODEL
[BRIDGE] Received: ENV_RESET payload=0 flags=0x0000
[GYM] Resetting environment...
[HEAP] Allocated blob 6: 1 blocks at offset 0xcc0
[GYM] Uploaded Model (Linear Policy) to Blob 6
[HEAP] Allocated blob 7: 1 blocks at offset 0xd00
[BRIDGE] Received: ENV_STEP payload=0 flags=0x0000
[HEAP] Allocated blob 8: 1 blocks at offset 0xd40
[BRIDGE] Received: ENV_STEP payload=1 flags=0x0000
[HEAP] Allocated blob 9: 1 blocks at offset 0x1c40
[BRIDGE] Received: ENV_STEP payload=0 flags=0x0000
[HEAP] Allocated blob 10: 1 blocks at offset 0x1c80
[BRIDGE] Received: ENV_STEP payload=1 flags=0x0000
[HEAP] Allocated blob 11: 1 blocks at offset 0x1cc0
[BRIDGE] Received: ENV_STEP payload=0 flags=0x0000
[HEAP] Allocated blob 12: 1 blocks at offset 0x1d00
[BRIDGE] Received: ENV_STEP payload=1 flags=0x0000
[HEAP] Allocated blob 13: 1 blocks at offset 0x1d40
[BRIDGE] Received: ENV_STEP payload=0 flags=0x0000
[HEAP] Allocated blob 14: 1 blocks at offset 0x1d80
[BRIDGE] Received: ENV_STEP payload=1 flags=0x0000
[HEAP] Allocated blob 15: 1 blocks at offset 0x1dc0
[BRIDGE] Received: ENV_STEP payload=0 flags=0x0000
[HEAP] Allocated blob 16: 1 blocks at offset 0x1e00
[BRIDGE] Received: ENV_STEP payload=1 flags=0x0000
[HEAP] Allocated blob 17: 1 blocks at offset 0x1e40
[BRIDGE] Received: ENV_STEP payload=0 flags=0x0000
[HEAP] Allocated blob 18: 1 blocks at offset 0x1e80
[BRIDGE] Received: ENV_STEP payload=1 flags=0x0000
[HEAP] Allocated blob 19: 1 blocks at offset 0x1ec0
[BRIDGE] Received: ENV_STEP payload=0 flags=0x0000
[HEAP] Allocated blob 20: 1 blocks at offset 0x1f00
[BRIDGE] Received: ENV_STEP payload=1 flags=0x0000
[HEAP] Allocated blob 21: 1 blocks at offset 0x1f40
[BRIDGE] Received: ENV_STEP payload=0 flags=0x0000
[HEAP] Allocated blob 22: 1 blocks at offset 0x1f80
[BRIDGE] Received: ENV_STEP payload=1 flags=0x0000
[HEAP] Allocated blob 23: 1 blocks at offset 0x1fc0
[BRIDGE] Received: ENV_STEP payload=0 flags=0x0000
[HEAP] Allocated blob 24: 1 blocks at offset 0x2000
[BRIDGE] Received: ENV_STEP payload=1 flags=0x0000
[HEAP] Allocated blob 25: 1 blocks at offset 0x2040
[BRIDGE] Received: ENV_STEP payload=0 flags=0x0000
[HEAP] Allocated blob 26: 1 blocks at offset 0x2080
[BRIDGE] Received: RUN_MODEL payload=1 flags=0x0000
[BRIDGE] No handler for RUN_MODEL
[BRIDGE] Received: RUN_MODEL payload=0 flags=0x0000
[BRIDGE] No handler for RUN_MODEL
[BRIDGE] Received: RUN_MODEL payload=0 flags=0x0000
[BRIDGE] No handler for RUN_MODEL
[BRIDGE] Received: RUN_MODEL payload=0 flags=0x0000
[BRIDGE] No handler for RUN_MODEL
[BRIDGE] Received: RUN_MODEL payload=0 flags=0x0000
[BRIDGE] No handler for RUN_MODEL
[BRIDGE] Received: RUN_MODEL payload=5 flags=0x0000
[BRIDGE] No handler for RUN_MODEL
[BRIDGE] Received: RUN_MODEL payload=5 flags=0x0000
[BRIDGE] No handler for RUN_MODEL
[BRIDGE] Received: RUN_MODEL payload=5 flags=0x0000
[BRIDGE] No handler for RUN_MODEL
[BRIDGE] Received: ENV_RESET payload=0 flags=0x0000
[GYM] Resetting environment...
[HEAP] Allocated blob 6: 1 blocks at offset 0xcc0
[BRIDGE] Received: ENV_STEP payload=0 flags=0x0000
[HEAP] Allocated blob 7: 1 blocks at offset 0xd00
[BRIDGE] Received: ENV_STEP payload=1 flags=0x0000
[HEAP] Allocated blob 8: 1 blocks at offset 0xd40
[BRIDGE] Received: ENV_STEP payload=0 flags=0x0000
[HEAP] Allocated blob 9: 1 blocks at offset 0x1c40
[BRIDGE] Received: ENV_STEP payload=1 flags=0x0000
[HEAP] Allocated blob 10: 1 blocks at offset 0x1c80
[BRIDGE] Received: ENV_STEP payload=0 flags=0x0000
[HEAP] Allocated blob 11: 1 blocks at offset 0x1cc0
[BRIDGE] Received: ENV_STEP payload=1 flags=0x0000
[HEAP] Allocated blob 12: 1 blocks at offset 0x1d00
[BRIDGE] Received: ENV_STEP payload=0 flags=0x0000
[HEAP] Allocated blob 13: 1 blocks at offset 0x1d40
[BRIDGE] Received: ENV_STEP payload=1 flags=0x0000
[HEAP] Allocated blob 14: 1 blocks at offset 0x1d80
[BRIDGE] Received: ENV_STEP payload=0 flags=0x0000
[HEAP] Allocated blob 15: 1 blocks at offset 0x1dc0
[BRIDGE] Received: ENV_STEP payload=1 flags=0x0000
[HEAP] Allocated blob 16: 1 blocks at offset 0x1e00
[BRIDGE] Received: ENV_STEP payload=0 flags=0x0000
[HEAP] Allocated blob 17: 1 blocks at offset 0x1e40
[BRIDGE] Received: ENV_STEP payload=1 flags=0x0000
[HEAP] Allocated blob 18: 1 blocks at offset 0x1e80
[BRIDGE] Received: ENV_STEP payload=0 flags=0x0000
[HEAP] Allocated blob 19: 1 blocks at offset 0x1ec0
[BRIDGE] Received: ENV_STEP payload=1 flags=0x0000
[HEAP] Allocated blob 20: 1 blocks at offset 0x1f00
[BRIDGE] Received: ENV_STEP payload=0 flags=0x0000
[HEAP] Allocated blob 21: 1 blocks at offset 0x1f40
[BRIDGE] Received: ENV_STEP payload=1 flags=0x0000
[HEAP] Allocated blob 22: 1 blocks at offset 0x1f80
[BRIDGE] Received: ENV_STEP payload=0 flags=0x0000
[HEAP] Allocated blob 23: 1 blocks at offset 0x1fc0
[BRIDGE] Received: ENV_STEP payload=1 flags=0x0000
[HEAP] Allocated blob 24: 1 blocks at offset 0x2000
[BRIDGE] Received: ENV_STEP payload=0 flags=0x0000
[HEAP] Allocated blob 25: 1 blocks at offset 0x2040
[BRIDGE] Received: ENV_STEP payload=1 flags=0x0000
[HEAP] Allocated blob 26: 1 blocks at offset 0x2080
[BRIDGE] Received: ENV_STEP payload=0 flags=0x0000
[HEAP] Allocated blob 27: 1 blocks at offset 0x20c0
[BRIDGE] Received: ENV_STEP payload=1 flags=0x0000
[HEAP] Allocated blob 28: 1 blocks at offset 0x2100
[BRIDGE] Received: RUN_MODEL payload=1 flags=0x0000
[BRIDGE] No handler for RUN_MODEL
[BRIDGE] Received: RUN_MODEL payload=0 flags=0x0000
[BRIDGE] No handler for RUN_MODEL
[BRIDGE] Received: RUN_MODEL payload=0 flags=0x0000
[BRIDGE] No handler for RUN_MODEL
[BRIDGE] Received: RUN_MODEL payload=0 flags=0x0000
[BRIDGE] No handler for RUN_MODEL
[BRIDGE] Received: RUN_MODEL payload=0 flags=0x0000
[BRIDGE] No handler for RUN_MODEL
[BRIDGE] Received: RUN_MODEL payload=5 flags=0x0000
[BRIDGE] No handler for RUN_MODEL
[BRIDGE] Received: RUN_MODEL payload=5 flags=0x0000
[BRIDGE] No handler for RUN_MODEL
[BRIDGE] Received: RUN_MODEL payload=5 flags=0x0000
[BRIDGE] No handler for RUN_MODEL
[BRIDGE] Received: ENV_RESET payload=0 flags=0x0000
[GYM] Resetting environment...
[HEAP] Allocated blob 6: 1 blocks at offset 0xcc0
[BRIDGE] Received: ENV_STEP payload=0 flags=0x0000
[HEAP] Allocated blob 7: 1 blocks at offset 0xd00
[BRIDGE] Received: ENV_STEP payload=1 flags=0x0000
[HEAP] Allocated blob 8: 1 blocks at offset 0xd40
[BRIDGE] Received: ENV_STEP payload=0 flags=0x0000
[HEAP] Allocated blob 9: 1 blocks at offset 0x1c40
[BRIDGE] Received: ENV_STEP payload=1 flags=0x0000
[HEAP] Allocated blob 10: 1 blocks at offset 0x1c80
[BRIDGE] Received: ENV_STEP payload=0 flags=0x0000
[HEAP] Allocated blob 11: 1 blocks at offset 0x1cc0
[BRIDGE] Received: ENV_STEP payload=1 flags=0x0000
[HEAP] Allocated blob 12: 1 blocks at offset 0x1d00
[BRIDGE] Received: ENV_STEP payload=0 flags=0x0000
[HEAP] Allocated blob 13: 1 blocks at offset 0x1d40
[BRIDGE] Received: ENV_STEP payload=1 flags=0x0000
[HEAP] Allocated blob 14: 1 blocks at offset 0x1d80
[BRIDGE] Received: ENV_STEP payload=0 flags=0x0000
[HEAP] Allocated blob 15: 1 blocks at offset 0x1dc0
[BRIDGE] Received: ENV_STEP payload=1 flags=0x0000
[HEAP] Allocated blob 16: 1 blocks at offset 0x1e00
[BRIDGE] Received: ENV_STEP payload=0 flags=0x0000
[HEAP] Allocated blob 17: 1 blocks at offset 0x1e40
[BRIDGE] Received: ENV_STEP payload=1 flags=0x0000
[HEAP] Allocated blob 18: 1 blocks at offset 0x1e80
[BRIDGE] Received: ENV_STEP payload=0 flags=0x0000
[HEAP] Allocated blob 19: 1 blocks at offset 0x1ec0
[BRIDGE] Received: ENV_STEP payload=1 flags=0x0000
[HEAP] Allocated blob 20: 1 blocks at offset 0x1f00
[BRIDGE] Received: ENV_STEP payload=0 flags=0x0000
[HEAP] Allocated blob 21: 1 blocks at offset 0x1f40
[BRIDGE] Received: ENV_STEP payload=1 flags=0x0000
[HEAP] Allocated blob 22: 1 blocks at offset 0x1f80
[BRIDGE] Received: ENV_STEP payload=0 flags=0x0000
[HEAP] Allocated blob 23: 1 blocks at offset 0x1fc0
[BRIDGE] Received: ENV_STEP payload=1 flags=0x0000
[HEAP] Allocated blob 24: 1 blocks at offset 0x2000
[BRIDGE] Received: ENV_STEP payload=0 flags=0x0000
[HEAP] Allocated blob 25: 1 blocks at offset 0x2040
[BRIDGE] Received: RUN_MODEL payload=1 flags=0x0000
[BRIDGE] No handler for RUN_MODEL
[BRIDGE] Received: RUN_MODEL payload=0 flags=0x0000
[BRIDGE] No handler for RUN_MODEL
[BRIDGE] Received: RUN_MODEL payload=0 flags=0x0000
[BRIDGE] No handler for RUN_MODEL
[BRIDGE] Received: RUN_MODEL payload=0 flags=0x0000
[BRIDGE] No handler for RUN_MODEL
[BRIDGE] Received: RUN_MODEL payload=0 flags=0x0000
[BRIDGE] No handler for RUN_MODEL
[BRIDGE] Received: RUN_MODEL payload=5 flags=0x0000
[BRIDGE] No handler for RUN_MODEL
[BRIDGE] Received: RUN_MODEL payload=5 flags=0x0000
[BRIDGE] No handler for RUN_MODEL
[BRIDGE] Received: RUN_MODEL payload=5 flags=0x0000
[BRIDGE] No handler for RUN_MODEL
[BRIDGE] Received: ENV_RESET payload=0 flags=0x0000
[GYM] Resetting environment...
[HEAP] Allocated blob 6: 1 blocks at offset 0xcc0
[BRIDGE] Received: ENV_STEP payload=0 flags=0x0000
[HEAP] Allocated blob 7: 1 blocks at offset 0xd00
[BRIDGE] Received: ENV_STEP payload=1 flags=0x0000
[HEAP] Allocated blob 8: 1 blocks at offset 0xd40
[BRIDGE] Received: ENV_STEP payload=0 flags=0x0000
[HEAP] Allocated blob 9: 1 blocks at offset 0x1c40
[BRIDGE] Received: ENV_STEP payload=1 flags=0x0000
[HEAP] Allocated blob 10: 1 blocks at offset 0x1c80
[BRIDGE] Received: ENV_STEP payload=0 flags=0x0000
[HEAP] Allocated blob 11: 1 blocks at offset 0x1cc0
[BRIDGE] Received: ENV_STEP payload=1 flags=0x0000
[HEAP] Allocated blob 12: 1 blocks at offset 0x1d00
[BRIDGE] Received: ENV_STEP payload=0 flags=0x0000
[HEAP] Allocated blob 13: 1 blocks at offset 0x1d40
[BRIDGE] Received: ENV_STEP payload=1 flags=0x0000
[HEAP] Allocated blob 14: 1 blocks at offset 0x1d80
[BRIDGE] Received: ENV_STEP payload=0 flags=0x0000
[HEAP] Allocated blob 15: 1 blocks at offset 0x1dc0
[BRIDGE] Received: ENV_STEP payload=1 flags=0x0000
[HEAP] Allocated blob 16: 1 blocks at offset 0x1e00
[BRIDGE] Received: ENV_STEP payload=0 flags=0x0000
[HEAP] Allocated blob 17: 1 blocks at offset 0x1e40
[BRIDGE] Received: ENV_STEP payload=1 flags=0x0000
[HEAP] Allocated blob 18: 1 blocks at offset 0x1e80
[BRIDGE] Received: ENV_STEP payload=0 flags=0x0000
[HEAP] Allocated blob 19: 1 blocks at offset 0x1ec0
[BRIDGE] Received: ENV_STEP payload=1 flags=0x0000
[HEAP] Allocated blob 20: 1 blocks at offset 0x1f00
[BRIDGE] Received: ENV_STEP payload=0 flags=0x0000
[HEAP] Allocated blob 21: 1 blocks at offset 0x1f40
[BRIDGE] Received: ENV_STEP payload=1 flags=0x0000
[HEAP] Allocated blob 22: 1 blocks at offset 0x1f80
[BRIDGE] Received: ENV_STEP payload=0 flags=0x0000
[HEAP] Allocated blob 23: 1 blocks at offset 0x1fc0
[BRIDGE] Received: ENV_STEP payload=1 flags=0x0000
[HEAP] Allocated blob 24: 1 blocks at offset 0x2000
[BRIDGE] Received: ENV_STEP payload=0 flags=0x0000
[HEAP] Allocated blob 25: 1 blocks at offset 0x2040
[BRIDGE] Received: RUN_MODEL payload=1 flags=0x0000
[BRIDGE] No handler for RUN_MODEL
[BRIDGE] Received: RUN_MODEL payload=0 flags=0x0000
[BRIDGE] No handler for RUN_MODEL
[BRIDGE] Received: RUN_MODEL payload=0 flags=0x0000
[BRIDGE] No handler for RUN_MODEL
[BRIDGE] Received: RUN_MODEL payload=0 flags=0x0000
[BRIDGE] No handler for RUN_MODEL
[BRIDGE] Received: RUN_MODEL payload=0 flags=0x0000
[BRIDGE] No handler for RUN_MODEL
[BRIDGE] Received: RUN_MODEL payload=5 flags=0x0000
[BRIDGE] No handler for RUN_MODEL
[BRIDGE] Received: RUN_MODEL payload=5 flags=0x0000
[BRIDGE] No handler for RUN_MODEL
[BRIDGE] Received: RUN_MODEL payload=5 flags=0x0000
[BRIDGE] No handler for RUN_MODEL
[BRIDGE] Received: ENV_RESET payload=0 flags=0x0000
[GYM] Resetting environment...
[HEAP] Allocated blob 6: 1 blocks at offset 0xcc0
[BRIDGE] Received: ENV_STEP payload=0 flags=0x0000
[HEAP] Allocated blob 7: 1 blocks at offset 0xd00
[BRIDGE] Received: ENV_STEP payload=1 flags=0x0000
[HEAP] Allocated blob 8: 1 blocks at offset 0xd40
[BRIDGE] Received: ENV_STEP payload=0 flags=0x0000
[HEAP] Allocated blob 9: 1 blocks at offset 0x1c40
[BRIDGE] Received: ENV_STEP payload=1 flags=0x0000
[HEAP] Allocated blob 10: 1 blocks at offset 0x1c80
[BRIDGE] Received: ENV_STEP payload=0 flags=0x0000
[HEAP] Allocated blob 11: 1 blocks at offset 0x1cc0
[BRIDGE] Received: ENV_STEP payload=1 flags=0x0000
[HEAP] Allocated blob 12: 1 blocks at offset 0x1d00
[BRIDGE] Received: ENV_STEP payload=0 flags=0x0000
[HEAP] Allocated blob 13: 1 blocks at offset 0x1d40
[BRIDGE] Received: ENV_STEP payload=1 flags=0x0000
[HEAP] Allocated blob 14: 1 blocks at offset 0x1d80
[BRIDGE] Received: ENV_STEP payload=0 flags=0x0000
[HEAP] Allocated blob 15: 1 blocks at offset 0x1dc0
[BRIDGE] Received: ENV_STEP payload=1 flags=0x0000
[HEAP] Allocated blob 16: 1 blocks at offset 0x1e00
[BRIDGE] Received: ENV_STEP payload=0 flags=0x0000
[HEAP] Allocated blob 17: 1 blocks at offset 0x1e40
[BRIDGE] Received: ENV_STEP payload=1 flags=0x0000
[HEAP] Allocated blob 18: 1 blocks at offset 0x1e80
[BRIDGE] Received: ENV_STEP payload=0 flags=0x0000
[HEAP] Allocated blob 19: 1 blocks at offset 0x1ec0
[BRIDGE] Received: ENV_STEP payload=1 flags=0x0000
[HEAP] Allocated blob 20: 1 blocks at offset 0x1f00
[BRIDGE] Received: ENV_STEP payload=0 flags=0x0000
[HEAP] Allocated blob 21: 1 blocks at offset 0x1f40
[BRIDGE] Received: ENV_STEP payload=1 flags=0x0000
[HEAP] Allocated blob 22: 1 blocks at offset 0x1f80
[BRIDGE] Received: ENV_STEP payload=0 flags=0x0000
[HEAP] Allocated blob 23: 1 blocks at offset 0x1fc0
[BRIDGE] Received: ENV_STEP payload=1 flags=0x0000
[HEAP] Allocated blob 24: 1 blocks at offset 0x2000
[BRIDGE] Received: ENV_STEP payload=0 flags=0x0000
[HEAP] Allocated blob 25: 1 blocks at offset 0x2040
[BRIDGE] Received: ENV_STEP payload=1 flags=0x0000
[HEAP] Allocated blob 26: 1 blocks at offset 0x2080
[BRIDGE] Received: ENV_STEP payload=0 flags=0x0000
[HEAP] Allocated blob 27: 1 blocks at offset 0x20c0
[BRIDGE] Received: ENV_STEP payload=1 flags=0x0000
[HEAP] Allocated blob 28: 1 blocks at offset 0x2100
[BRIDGE] Received: RUN_MODEL payload=1 flags=0x0000
[BRIDGE] No handler for RUN_MODEL
[BRIDGE] Received: RUN_MODEL payload=0 flags=0x0000
[BRIDGE] No handler for RUN_MODEL
[BRIDGE] Received: RUN_MODEL payload=0 flags=0x0000
[BRIDGE] No handler for RUN_MODEL
[BRIDGE] Received: RUN_MODEL payload=0 flags=0x0000
[BRIDGE] No handler for RUN_MODEL
[BRIDGE] Received: RUN_MODEL payload=0 flags=0x0000
[BRIDGE] No handler for RUN_MODEL
[BRIDGE] Received: RUN_MODEL payload=5 flags=0x0000
[BRIDGE] No handler for RUN_MODEL
[BRIDGE] Received: RUN_MODEL payload=5 flags=0x0000
[BRIDGE] No handler for RUN_MODEL
[BRIDGE] Received: RUN_MODEL payload=5 flags=0x0000
[BRIDGE] No handler for RUN_MODEL
[BRIDGE] Received: ENV_RESET payload=0 flags=0x0000
[GYM] Resetting environment...
[HEAP] Allocated blob 6: 1 blocks at offset 0xcc0
[BRIDGE] Received: ENV_STEP payload=0 flags=0x0000
[HEAP] Allocated blob 7: 1 blocks at offset 0xd00
[BRIDGE] Received: ENV_STEP payload=1 flags=0x0000
[HEAP] Allocated blob 8: 1 blocks at offset 0xd40
[BRIDGE] Received: ENV_STEP payload=0 flags=0x0000
[HEAP] Allocated blob 9: 1 blocks at offset 0x1c40
[BRIDGE] Received: ENV_STEP payload=1 flags=0x0000
[HEAP] Allocated blob 10: 1 blocks at offset 0x1c80
[BRIDGE] Received: ENV_STEP payload=0 flags=0x0000
[HEAP] Allocated blob 11: 1 blocks at offset 0x1cc0
[BRIDGE] Received: ENV_STEP payload=1 flags=0x0000
[HEAP] Allocated blob 12: 1 blocks at offset 0x1d00
[BRIDGE] Received: ENV_STEP payload=0 flags=0x0000
[HEAP] Allocated blob 13: 1 blocks at offset 0x1d40
[BRIDGE] Received: ENV_STEP payload=1 flags=0x0000
[HEAP] Allocated blob 14: 1 blocks at offset 0x1d80
[BRIDGE] Received: ENV_STEP payload=0 flags=0x0000
[HEAP] Allocated blob 15: 1 blocks at offset 0x1dc0
[BRIDGE] Received: ENV_STEP payload=1 flags=0x0000
[HEAP] Allocated blob 16: 1 blocks at offset 0x1e00
[BRIDGE] Received: ENV_STEP payload=0 flags=0x0000
[HEAP] Allocated blob 17: 1 blocks at offset 0x1e40
[BRIDGE] Received: ENV_STEP payload=1 flags=0x0000
[HEAP] Allocated blob 18: 1 blocks at offset 0x1e80
[BRIDGE] Received: ENV_STEP payload=0 flags=0x0000
[HEAP] Allocated blob 19: 1 blocks at offset 0x1ec0
[BRIDGE] Received: ENV_STEP payload=1 flags=0x0000
[HEAP] Allocated blob 20: 1 blocks at offset 0x1f00
[BRIDGE] Received: ENV_STEP payload=0 flags=0x0000
[HEAP] Allocated blob 21: 1 blocks at offset 0x1f40
[BRIDGE] Received: ENV_STEP payload=1 flags=0x0000
[HEAP] Allocated blob 22: 1 blocks at offset 0x1f80
[BRIDGE] Received: ENV_STEP payload=0 flags=0x0000
[HEAP] Allocated blob 23: 1 blocks at offset 0x1fc0
[BRIDGE] Received: ENV_STEP payload=1 flags=0x0000
[HEAP] Allocated blob 24: 1 blocks at offset 0x2000
[BRIDGE] Received: ENV_STEP payload=0 flags=0x0000
[HEAP] Allocated blob 25: 1 blocks at offset 0x2040
[BRIDGE] Received: RUN_MODEL payload=1 flags=0x0000
[BRIDGE] No handler for RUN_MODEL
[BRIDGE] Received: RUN_MODEL payload=0 flags=0x0000
[BRIDGE] No handler for RUN_MODEL
[BRIDGE] Received: RUN_MODEL payload=0 flags=0x0000
[BRIDGE] No handler for RUN_MODEL
[BRIDGE] Received: RUN_MODEL payload=0 flags=0x0000
[BRIDGE] No handler for RUN_MODEL
[BRIDGE] Received: RUN_MODEL payload=0 flags=0x0000
[BRIDGE] No handler for RUN_MODEL
[BRIDGE] Received: RUN_MODEL payload=5 flags=0x0000
[BRIDGE] No handler for RUN_MODEL
[BRIDGE] Received: RUN_MODEL payload=5 flags=0x0000
[BRIDGE] No handler for RUN_MODEL
[BRIDGE] Received: RUN_MODEL payload=5 flags=0x0000
[BRIDGE] No handler for RUN_MODEL
[BRIDGE] Received: ENV_RESET payload=0 flags=0x0000
[GYM] Resetting environment...
[HEAP] Allocated blob 6: 1 blocks at offset 0xcc0
[BRIDGE] Received: ENV_STEP payload=0 flags=0x0000
[HEAP] Allocated blob 7: 1 blocks at offset 0xd00
[BRIDGE] Received: ENV_STEP payload=1 flags=0x0000
[HEAP] Allocated blob 8: 1 blocks at offset 0xd40
[BRIDGE] Received: ENV_STEP payload=0 flags=0x0000
[HEAP] Allocated blob 9: 1 blocks at offset 0x1c40
[BRIDGE] Received: ENV_STEP payload=1 flags=0x0000
[HEAP] Allocated blob 10: 1 blocks at offset 0x1c80
[BRIDGE] Received: ENV_STEP payload=0 flags=0x0000
[HEAP] Allocated blob 11: 1 blocks at offset 0x1cc0
[BRIDGE] Received: ENV_STEP payload=1 flags=0x0000
[HEAP] Allocated blob 12: 1 blocks at offset 0x1d00
[BRIDGE] Received: ENV_STEP payload=0 flags=0x0000
[HEAP] Allocated blob 13: 1 blocks at offset 0x1d40
[BRIDGE] Received: ENV_STEP payload=1 flags=0x0000
[HEAP] Allocated blob 14: 1 blocks at offset 0x1d80
[BRIDGE] Received: ENV_STEP payload=0 flags=0x0000
[HEAP] Allocated blob 15: 1 blocks at offset 0x1dc0
[BRIDGE] Received: ENV_STEP payload=1 flags=0x0000
[HEAP] Allocated blob 16: 1 blocks at offset 0x1e00
[BRIDGE] Received: ENV_STEP payload=0 flags=0x0000
[HEAP] Allocated blob 17: 1 blocks at offset 0x1e40
[BRIDGE] Received: ENV_STEP payload=1 flags=0x0000
[HEAP] Allocated blob 18: 1 blocks at offset 0x1e80
[BRIDGE] Received: ENV_STEP payload=0 flags=0x0000
[HEAP] Allocated blob 19: 1 blocks at offset 0x1ec0
[BRIDGE] Received: ENV_STEP payload=1 flags=0x0000
[HEAP] Allocated blob 20: 1 blocks at offset 0x1f00
[BRIDGE] Received: ENV_STEP payload=0 flags=0x0000
[HEAP] Allocated blob 21: 1 blocks at offset 0x1f40
[BRIDGE] Received: ENV_STEP payload=1 flags=0x0000
[HEAP] Allocated blob 22: 1 blocks at offset 0x1f80
[BRIDGE] Received: ENV_STEP payload=0 flags=0x0000
[HEAP] Allocated blob 23: 1 blocks at offset 0x1fc0
[BRIDGE] Received: ENV_STEP payload=1 flags=0x0000
[HEAP] Allocated blob 24: 1 blocks at offset 0x2000
[BRIDGE] Received: ENV_STEP payload=0 flags=0x0000
[HEAP] Allocated blob 25: 1 blocks at offset 0x2040
[BRIDGE] Received: RUN_MODEL payload=1 flags=0x0000
[BRIDGE] No handler for RUN_MODEL
[BRIDGE] Received: RUN_MODEL payload=0 flags=0x0000
[BRIDGE] No handler for RUN_MODEL
[BRIDGE] Received: RUN_MODEL payload=0 flags=0x0000
[BRIDGE] No handler for RUN_MODEL
[BRIDGE] Received: RUN_MODEL payload=0 flags=0x0000
[BRIDGE] No handler for RUN_MODEL
[BRIDGE] Received: RUN_MODEL payload=0 flags=0x0000
[BRIDGE] No handler for RUN_MODEL
[BRIDGE] Received: RUN_MODEL payload=5 flags=0x0000
[BRIDGE] No handler for RUN_MODEL
[BRIDGE] Received: RUN_MODEL payload=5 flags=0x0000
[BRIDGE] No handler for RUN_MODEL
[BRIDGE] Received: RUN_MODEL payload=5 flags=0x0000
[BRIDGE] No handler for RUN_MODEL
[BRIDGE] Received: ENV_RESET payload=0 flags=0x0000
[GYM] Resetting environment...
[HEAP] Allocated blob 6: 1 blocks at offset 0xcc0
[BRIDGE] Received: ENV_STEP payload=0 flags=0x0000
[HEAP] Allocated blob 7: 1 blocks at offset 0xd00
[BRIDGE] Received: ENV_STEP payload=1 flags=0x0000
[HEAP] Allocated blob 8: 1 blocks at offset 0xd40
[BRIDGE] Received: ENV_STEP payload=0 flags=0x0000
[HEAP] Allocated blob 9: 1 blocks at offset 0x1c40
[BRIDGE] Received: ENV_STEP payload=1 flags=0x0000
[HEAP] Allocated blob 10: 1 blocks at offset 0x1c80
[BRIDGE] Received: ENV_STEP payload=0 flags=0x0000
[HEAP] Allocated blob 11: 1 blocks at offset 0x1cc0
[BRIDGE] Received: ENV_STEP payload=1 flags=0x0000
[HEAP] Allocated blob 12: 1 blocks at offset 0x1d00
[BRIDGE] Received: ENV_STEP payload=0 flags=0x0000
[HEAP] Allocated blob 13: 1 blocks at offset 0x1d40
[BRIDGE] Received: ENV_STEP payload=1 flags=0x0000
[HEAP] Allocated blob 14: 1 blocks at offset 0x1d80
[BRIDGE] Received: ENV_STEP payload=0 flags=0x0000
[HEAP] Allocated blob 15: 1 blocks at offset 0x1dc0
[BRIDGE] Received: ENV_STEP payload=1 flags=0x0000
[HEAP] Allocated blob 16: 1 blocks at offset 0x1e00
[BRIDGE] Received: ENV_STEP payload=0 flags=0x0000
[HEAP] Allocated blob 17: 1 blocks at offset 0x1e40
[BRIDGE] Received: ENV_STEP payload=1 flags=0x0000
[HEAP] Allocated blob 18: 1 blocks at offset 0x1e80
[BRIDGE] Received: ENV_STEP payload=0 flags=0x0000
[HEAP] Allocated blob 19: 1 blocks at offset 0x1ec0
[BRIDGE] Received: ENV_STEP payload=1 flags=0x0000
[HEAP] Allocated blob 20: 1 blocks at offset 0x1f00
[BRIDGE] Received: ENV_STEP payload=0 flags=0x0000
[HEAP] Allocated blob 21: 1 blocks at offset 0x1f40
[BRIDGE] Received: ENV_STEP payload=1 flags=0x0000
[HEAP] Allocated blob 22: 1 blocks at offset 0x1f80
[BRIDGE] Received: ENV_STEP payload=0 flags=0x0000
[HEAP] Allocated blob 23: 1 blocks at offset 0x1fc0
[BRIDGE] Received: ENV_STEP payload=1 flags=0x0000
[HEAP] Allocated blob 24: 1 blocks at offset 0x2000
[BRIDGE] Received: ENV_STEP payload=0 flags=0x0000
[HEAP] Allocated blob 25: 1 blocks at offset 0x2040
[BRIDGE] Received: ENV_STEP payload=1 flags=0x0000
[HEAP] Allocated blob 26: 1 blocks at offset 0x2080
[BRIDGE] Received: ENV_STEP payload=0 flags=0x0000
[HEAP] Allocated blob 27: 1 blocks at offset 0x20c0
[BRIDGE] Received: RUN_MODEL payload=1 flags=0x0000
[BRIDGE] No handler for RUN_MODEL
[BRIDGE] Received: RUN_MODEL payload=0 flags=0x0000
[BRIDGE] No handler for RUN_MODEL
[BRIDGE] Received: RUN_MODEL payload=0 flags=0x0000
[BRIDGE] No handler for RUN_MODEL
[BRIDGE] Received: RUN_MODEL payload=0 flags=0x0000
[BRIDGE] No handler for RUN_MODEL
[BRIDGE] Received: RUN_MODEL payload=0 flags=0x0000
[BRIDGE] No handler for RUN_MODEL
[BRIDGE] Received: RUN_MODEL payload=5 flags=0x0000
[BRIDGE] No handler for RUN_MODEL
[BRIDGE] Received: RUN_MODEL payload=5 flags=0x0000
[BRIDGE] No handler for RUN_MODEL
[BRIDGE] Received: RUN_MODEL payload=5 flags=0x0000
[BRIDGE] No handler for RUN_MODEL
[BRIDGE] Received: ENV_RESET payload=0 flags=0x0000
[GYM] Resetting environment...
[HEAP] Allocated blob 6: 1 blocks at offset 0xcc0
[BRIDGE] Received: ENV_STEP payload=0 flags=0x0000
[HEAP] Allocated blob 7: 1 blocks at offset 0xd00
[BRIDGE] Received: ENV_STEP payload=1 flags=0x0000
[HEAP] Allocated blob 8: 1 blocks at offset 0xd40
[BRIDGE] Received: ENV_STEP payload=0 flags=0x0000
[HEAP] Allocated blob 9: 1 blocks at offset 0x1c40
[BRIDGE] Received: ENV_STEP payload=1 flags=0x0000
[HEAP] Allocated blob 10: 1 blocks at offset 0x1c80
[BRIDGE] Received: ENV_STEP payload=0 flags=0x0000
[HEAP] Allocated blob 11: 1 blocks at offset 0x1cc0
[BRIDGE] Received: ENV_STEP payload=1 flags=0x0000
[HEAP] Allocated blob 12: 1 blocks at offset 0x1d00
[BRIDGE] Received: ENV_STEP payload=0 flags=0x0000
[HEAP] Allocated blob 13: 1 blocks at offset 0x1d40
[BRIDGE] Received: ENV_STEP payload=1 flags=0x0000
[HEAP] Allocated blob 14: 1 blocks at offset 0x1d80
[BRIDGE] Received: ENV_STEP payload=0 flags=0x0000
[HEAP] Allocated blob 15: 1 blocks at offset 0x1dc0
[BRIDGE] Received: ENV_STEP payload=1 flags=0x0000
[HEAP] Allocated blob 16: 1 blocks at offset 0x1e00
[BRIDGE] Received: ENV_STEP payload=0 flags=0x0000
[HEAP] Allocated blob 17: 1 blocks at offset 0x1e40
[BRIDGE] Received: ENV_STEP payload=1 flags=0x0000
[HEAP] Allocated blob 18: 1 blocks at offset 0x1e80
[BRIDGE] Received: ENV_STEP payload=0 flags=0x0000
[HEAP] Allocated blob 19: 1 blocks at offset 0x1ec0
[BRIDGE] Received: ENV_STEP payload=1 flags=0x0000
[HEAP] Allocated blob 20: 1 blocks at offset 0x1f00
[BRIDGE] Received: ENV_STEP payload=0 flags=0x0000
[HEAP] Allocated blob 21: 1 blocks at offset 0x1f40
[BRIDGE] Received: ENV_STEP payload=1 flags=0x0000
[HEAP] Allocated blob 22: 1 blocks at offset 0x1f80
[BRIDGE] Received: ENV_STEP payload=0 flags=0x0000
[HEAP] Allocated blob 23: 1 blocks at offset 0x1fc0
[BRIDGE] Received: ENV_STEP payload=1 flags=0x0000
[HEAP] Allocated blob 24: 1 blocks at offset 0x2000
[BRIDGE] Received: ENV_STEP payload=0 flags=0x0000
[HEAP] Allocated blob 25: 1 blocks at offset 0x2040
[BRIDGE] Received: RUN_MODEL payload=1 flags=0x0000
[BRIDGE] No handler for RUN_MODEL
[BRIDGE] Received: RUN_MODEL payload=0 flags=0x0000
[BRIDGE] No handler for RUN_MODEL
[BRIDGE] Received: RUN_MODEL payload=0 flags=0x0000
[BRIDGE] No handler for RUN_MODEL
[BRIDGE] Received: RUN_MODEL payload=0 flags=0x0000
[BRIDGE] No handler for RUN_MODEL
[BRIDGE] Received: RUN_MODEL payload=0 flags=0x0000
[BRIDGE] No handler for RUN_MODEL
[BRIDGE] Received: RUN_MODEL payload=5 flags=0x0000
[BRIDGE] No handler for RUN_MODEL
[BRIDGE] Received: RUN_MODEL payload=5 flags=0x0000
[BRIDGE] No handler for RUN_MODEL
[BRIDGE] Received: RUN_MODEL payload=5 flags=0x0000
[BRIDGE] No handler for RUN_MODEL
[BRIDGE] Received: ENV_RESET payload=0 flags=0x0000
[GYM] Resetting environment...
[HEAP] Allocated blob 6: 1 blocks at offset 0xcc0
[BRIDGE] Received: ENV_STEP payload=0 flags=0x0000
[HEAP] Allocated blob 7: 1 blocks at offset 0xd00
[BRIDGE] Received: ENV_STEP payload=1 flags=0x0000
[HEAP] Allocated blob 8: 1 blocks at offset 0xd40
[BRIDGE] Received: ENV_STEP payload=0 flags=0x0000
[HEAP] Allocated blob 9: 1 blocks at offset 0x1c40
[BRIDGE] Received: ENV_STEP payload=1 flags=0x0000
[HEAP] Allocated blob 10: 1 blocks at offset 0x1c80
[BRIDGE] Received: ENV_STEP payload=0 flags=0x0000
[HEAP] Allocated blob 11: 1 blocks at offset 0x1cc0
[BRIDGE] Received: ENV_STEP payload=1 flags=0x0000
[HEAP] Allocated blob 12: 1 blocks at offset 0x1d00
[BRIDGE] Received: ENV_STEP payload=0 flags=0x0000
[HEAP] Allocated blob 13: 1 blocks at offset 0x1d40
[BRIDGE] Received: ENV_STEP payload=1 flags=0x0000
[HEAP] Allocated blob 14: 1 blocks at offset 0x1d80
[BRIDGE] Received: ENV_STEP payload=0 flags=0x0000
[HEAP] Allocated blob 15: 1 blocks at offset 0x1dc0
[BRIDGE] Received: ENV_STEP payload=1 flags=0x0000
[HEAP] Allocated blob 16: 1 blocks at offset 0x1e00
[BRIDGE] Received: ENV_STEP payload=0 flags=0x0000
[HEAP] Allocated blob 17: 1 blocks at offset 0x1e40
[BRIDGE] Received: ENV_STEP payload=1 flags=0x0000
[HEAP] Allocated blob 18: 1 blocks at offset 0x1e80
[BRIDGE] Received: ENV_STEP payload=0 flags=0x0000
[HEAP] Allocated blob 19: 1 blocks at offset 0x1ec0
[BRIDGE] Received: ENV_STEP payload=1 flags=0x0000
[HEAP] Allocated blob 20: 1 blocks at offset 0x1f00
[BRIDGE] Received: ENV_STEP payload=0 flags=0x0000
[HEAP] Allocated blob 21: 1 blocks at offset 0x1f40
[BRIDGE] Received: ENV_STEP payload=1 flags=0x0000
[HEAP] Allocated blob 22: 1 blocks at offset 0x1f80
[BRIDGE] Received: ENV_STEP payload=0 flags=0x0000
[HEAP] Allocated blob 23: 1 blocks at offset 0x1fc0
[BRIDGE] Received: ENV_STEP payload=1 flags=0x0000
[HEAP] Allocated blob 24: 1 blocks at offset 0x2000
[BRIDGE] Received: RUN_MODEL payload=1 flags=0x0000
[BRIDGE] No handler for RUN_MODEL
[BRIDGE] Received: RUN_MODEL payload=0 flags=0x0000
[BRIDGE] No handler for RUN_MODEL
[BRIDGE] Received: RUN_MODEL payload=0 flags=0x0000
[BRIDGE] No handler for RUN_MODEL
[BRIDGE] Received: RUN_MODEL payload=0 flags=0x0000
[BRIDGE] No handler for RUN_MODEL
[BRIDGE] Received: RUN_MODEL payload=0 flags=0x0000
[BRIDGE] No handler for RUN_MODEL
[BRIDGE] Received: RUN_MODEL payload=5 flags=0x0000
[BRIDGE] No handler for RUN_MODEL
[BRIDGE] Received: RUN_MODEL payload=5 flags=0x0000
[BRIDGE] No handler for RUN_MODEL
[BRIDGE] Received: RUN_MODEL payload=5 flags=0x0000
[BRIDGE] No handler for RUN_MODEL
[BRIDGE] Received: ENV_RESET payload=0 flags=0x0000
[GYM] Resetting environment...
[HEAP] Allocated blob 6: 1 blocks at offset 0xcc0
[BRIDGE] Received: ENV_STEP payload=0 flags=0x0000
[HEAP] Allocated blob 7: 1 blocks at offset 0xd00
[BRIDGE] Received: ENV_STEP payload=1 flags=0x0000
[HEAP] Allocated blob 8: 1 blocks at offset 0xd40
[BRIDGE] Received: ENV_STEP payload=0 flags=0x0000
[HEAP] Allocated blob 9: 1 blocks at offset 0x1c40
[BRIDGE] Received: ENV_STEP payload=1 flags=0x0000
[HEAP] Allocated blob 10: 1 blocks at offset 0x1c80
[BRIDGE] Received: ENV_STEP payload=0 flags=0x0000
[HEAP] Allocated blob 11: 1 blocks at offset 0x1cc0
[BRIDGE] Received: ENV_STEP payload=1 flags=0x0000
[HEAP] Allocated blob 12: 1 blocks at offset 0x1d00
[BRIDGE] Received: ENV_STEP payload=0 flags=0x0000
[HEAP] Allocated blob 13: 1 blocks at offset 0x1d40
[BRIDGE] Received: ENV_STEP payload=1 flags=0x0000
[HEAP] Allocated blob 14: 1 blocks at offset 0x1d80
[BRIDGE] Received: ENV_STEP payload=0 flags=0x0000
[HEAP] Allocated blob 15: 1 blocks at offset 0x1dc0
[BRIDGE] Received: ENV_STEP payload=1 flags=0x0000
[HEAP] Allocated blob 16: 1 blocks at offset 0x1e00
[BRIDGE] Received: ENV_STEP payload=0 flags=0x0000
[HEAP] Allocated blob 17: 1 blocks at offset 0x1e40
[BRIDGE] Received: ENV_STEP payload=1 flags=0x0000
[HEAP] Allocated blob 18: 1 blocks at offset 0x1e80
[BRIDGE] Received: ENV_STEP payload=0 flags=0x0000
[HEAP] Allocated blob 19: 1 blocks at offset 0x1ec0
[BRIDGE] Received: ENV_STEP payload=1 flags=0x0000
[HEAP] Allocated blob 20: 1 blocks at offset 0x1f00
[BRIDGE] Received: ENV_STEP payload=0 flags=0x0000
[HEAP] Allocated blob 21: 1 blocks at offset 0x1f40
[BRIDGE] Received: ENV_STEP payload=1 flags=0x0000
[HEAP] Allocated blob 22: 1 blocks at offset 0x1f80
[BRIDGE] Received: ENV_STEP payload=0 flags=0x0000
[HEAP] Allocated blob 23: 1 blocks at offset 0x1fc0
[BRIDGE] Received: ENV_STEP payload=1 flags=0x0000
[HEAP] Allocated blob 24: 1 blocks at offset 0x2000
[BRIDGE] Received: ENV_STEP payload=0 flags=0x0000
[HEAP] Allocated blob 25: 1 blocks at offset 0x2040
[BRIDGE] Received: ENV_STEP payload=1 flags=0x0000
[HEAP] Allocated blob 26: 1 blocks at offset 0x2080
[BRIDGE] Received: RUN_MODEL payload=1 flags=0x0000
[BRIDGE] No handler for RUN_MODEL
[BRIDGE] Received: RUN_MODEL payload=0 flags=0x0000
[BRIDGE] No handler for RUN_MODEL
[BRIDGE] Received: RUN_MODEL payload=0 flags=0x0000
[BRIDGE] No handler for RUN_MODEL
[BRIDGE] Received: RUN_MODEL payload=0 flags=0x0000
[BRIDGE] No handler for RUN_MODEL
[BRIDGE] Received: RUN_MODEL payload=0 flags=0x0000
[BRIDGE] No handler for RUN_MODEL
[BRIDGE] Received: RUN_MODEL payload=5 flags=0x0000
[BRIDGE] No handler for RUN_MODEL
[BRIDGE] Received: RUN_MODEL payload=5 flags=0x0000
[BRIDGE] No handler for RUN_MODEL
[BRIDGE] Received: RUN_MODEL payload=5 flags=0x0000
[BRIDGE] No handler for RUN_MODEL
[BRIDGE] Received: ENV_RESET payload=0 flags=0x0000
[GYM] Resetting environment...
[HEAP] Allocated blob 6: 1 blocks at offset 0xcc0
[BRIDGE] Received: ENV_STEP payload=0 flags=0x0000
[HEAP] Allocated blob 7: 1 blocks at offset 0xd00
[BRIDGE] Received: ENV_STEP payload=1 flags=0x0000
[HEAP] Allocated blob 8: 1 blocks at offset 0xd40
[BRIDGE] Received: ENV_STEP payload=0 flags=0x0000
[HEAP] Allocated blob 9: 1 blocks at offset 0x1c40
[BRIDGE] Received: ENV_STEP payload=1 flags=0x0000
[HEAP] Allocated blob 10: 1 blocks at offset 0x1c80
[BRIDGE] Received: ENV_STEP payload=0 flags=0x0000
[HEAP] Allocated blob 11: 1 blocks at offset 0x1cc0
[BRIDGE] Received: ENV_STEP payload=1 flags=0x0000
[HEAP] Allocated blob 12: 1 blocks at offset 0x1d00
[BRIDGE] Received: ENV_STEP payload=0 flags=0x0000
[HEAP] Allocated blob 13: 1 blocks at offset 0x1d40
[BRIDGE] Received: ENV_STEP payload=1 flags=0x0000
[HEAP] Allocated blob 14: 1 blocks at offset 0x1d80
[BRIDGE] Received: ENV_STEP payload=0 flags=0x0000
[HEAP] Allocated blob 15: 1 blocks at offset 0x1dc0
[BRIDGE] Received: ENV_STEP payload=1 flags=0x0000
[HEAP] Allocated blob 16: 1 blocks at offset 0x1e00
[BRIDGE] Received: ENV_STEP payload=0 flags=0x0000
[HEAP] Allocated blob 17: 1 blocks at offset 0x1e40
[BRIDGE] Received: ENV_STEP payload=1 flags=0x0000
[HEAP] Allocated blob 18: 1 blocks at offset 0x1e80
[BRIDGE] Received: ENV_STEP payload=0 flags=0x0000
[HEAP] Allocated blob 19: 1 blocks at offset 0x1ec0
[BRIDGE] Received: ENV_STEP payload=1 flags=0x0000
[HEAP] Allocated blob 20: 1 blocks at offset 0x1f00
[BRIDGE] Received: ENV_STEP payload=0 flags=0x0000
[HEAP] Allocated blob 21: 1 blocks at offset 0x1f40
[BRIDGE] Received: ENV_STEP payload=1 flags=0x0000
[HEAP] Allocated blob 22: 1 blocks at offset 0x1f80
[BRIDGE] Received: ENV_STEP payload=0 flags=0x0000
[HEAP] Allocated blob 23: 1 blocks at offset 0x1fc0
[BRIDGE] Received: ENV_STEP payload=1 flags=0x0000
[HEAP] Allocated blob 24: 1 blocks at offset 0x2000
[BRIDGE] Received: ENV_STEP payload=0 flags=0x0000
[HEAP] Allocated blob 25: 1 blocks at offset 0x2040
[BRIDGE] Received: ENV_STEP payload=1 flags=0x0000
[HEAP] Allocated blob 26: 1 blocks at offset 0x2080
[BRIDGE] Received: ENV_STEP payload=0 flags=0x0000
[HEAP] Allocated blob 27: 1 blocks at offset 0x20c0
[BRIDGE] Received: ENV_STEP payload=1 flags=0x0000
[HEAP] Allocated blob 28: 1 blocks at offset 0x2100
[BRIDGE] Received: RUN_MODEL payload=1 flags=0x0000
[BRIDGE] No handler for RUN_MODEL
[BRIDGE] Received: RUN_MODEL payload=0 flags=0x0000
[BRIDGE] No handler for RUN_MODEL
[BRIDGE] Received: RUN_MODEL payload=0 flags=0x0000
[BRIDGE] No handler for RUN_MODEL
[BRIDGE] Received: RUN_MODEL payload=0 flags=0x0000
[BRIDGE] No handler for RUN_MODEL
[BRIDGE] Received: RUN_MODEL payload=0 flags=0x0000
[BRIDGE] No handler for RUN_MODEL
[BRIDGE] Received: RUN_MODEL payload=5 flags=0x0000
[BRIDGE] No handler for RUN_MODEL
[BRIDGE] Received: RUN_MODEL payload=5 flags=0x0000
[BRIDGE] No handler for RUN_MODEL
[BRIDGE] Received: RUN_MODEL payload=5 flags=0x0000
[BRIDGE] No handler for RUN_MODEL
[BRIDGE] Received: ENV_RESET payload=0 flags=0x0000
[GYM] Resetting environment...
[HEAP] Allocated blob 6: 1 blocks at offset 0xcc0
[BRIDGE] Received: ENV_STEP payload=0 flags=0x0000
[HEAP] Allocated blob 7: 1 blocks at offset 0xd00
[BRIDGE] Received: ENV_STEP payload=1 flags=0x0000
[HEAP] Allocated blob 8: 1 blocks at offset 0xd40
[BRIDGE] Received: ENV_STEP payload=0 flags=0x0000
[HEAP] Allocated blob 9: 1 blocks at offset 0x1c40
[BRIDGE] Received: ENV_STEP payload=1 flags=0x0000
[HEAP] Allocated blob 10: 1 blocks at offset 0x1c80
[BRIDGE] Received: ENV_STEP payload=0 flags=0x0000
[HEAP] Allocated blob 11: 1 blocks at offset 0x1cc0
[BRIDGE] Received: ENV_STEP payload=1 flags=0x0000
[HEAP] Allocated blob 12: 1 blocks at offset 0x1d00
[BRIDGE] Received: ENV_STEP payload=0 flags=0x0000
[HEAP] Allocated blob 13: 1 blocks at offset 0x1d40
[BRIDGE] Received: ENV_STEP payload=1 flags=0x0000
[HEAP] Allocated blob 14: 1 blocks at offset 0x1d80
[BRIDGE] Received: ENV_STEP payload=0 flags=0x0000
[HEAP] Allocated blob 15: 1 blocks at offset 0x1dc0
[BRIDGE] Received: ENV_STEP payload=1 flags=0x0000
[HEAP] Allocated blob 16: 1 blocks at offset 0x1e00
[BRIDGE] Received: ENV_STEP payload=0 flags=0x0000
[HEAP] Allocated blob 17: 1 blocks at offset 0x1e40
[BRIDGE] Received: ENV_STEP payload=1 flags=0x0000
[HEAP] Allocated blob 18: 1 blocks at offset 0x1e80
[BRIDGE] Received: ENV_STEP payload=0 flags=0x0000
[HEAP] Allocated blob 19: 1 blocks at offset 0x1ec0
[BRIDGE] Received: ENV_STEP payload=1 flags=0x0000
[HEAP] Allocated blob 20: 1 blocks at offset 0x1f00
[BRIDGE] Received: ENV_STEP payload=0 flags=0x0000
[HEAP] Allocated blob 21: 1 blocks at offset 0x1f40
[BRIDGE] Received: ENV_STEP payload=1 flags=0x0000
[HEAP] Allocated blob 22: 1 blocks at offset 0x1f80
[BRIDGE] Received: ENV_STEP payload=0 flags=0x0000
[HEAP] Allocated blob 23: 1 blocks at offset 0x1fc0
[BRIDGE] Received: ENV_STEP payload=1 flags=0x0000
[HEAP] Allocated blob 24: 1 blocks at offset 0x2000
[BRIDGE] Received: ENV_STEP payload=0 flags=0x0000
[HEAP] Allocated blob 25: 1 blocks at offset 0x2040
[BRIDGE] Received: ENV_STEP payload=1 flags=0x0000
[HEAP] Allocated blob 26: 1 blocks at offset 0x2080
[BRIDGE] Received: ENV_STEP payload=0 flags=0x0000
[HEAP] Allocated blob 27: 1 blocks at offset 0x20c0
[BRIDGE] Received: RUN_MODEL payload=1 flags=0x0000
[BRIDGE] No handler for RUN_MODEL
[BRIDGE] Received: RUN_MODEL payload=0 flags=0x0000
[BRIDGE] No handler for RUN_MODEL
[BRIDGE] Received: RUN_MODEL payload=0 flags=0x0000
[BRIDGE] No handler for RUN_MODEL
[BRIDGE] Received: RUN_MODEL payload=0 flags=0x0000
[BRIDGE] No handler for RUN_MODEL
[BRIDGE] Received: RUN_MODEL payload=0 flags=0x0000
[BRIDGE] No handler for RUN_MODEL
[BRIDGE] Received: RUN_MODEL payload=5 flags=0x0000
[BRIDGE] No handler for RUN_MODEL
[BRIDGE] Received: RUN_MODEL payload=5 flags=0x0000
[BRIDGE] No handler for RUN_MODEL
[BRIDGE] Received: RUN_MODEL payload=5 flags=0x0000
[BRIDGE] No handler for RUN_MODEL
[BRIDGE] Received: ENV_RESET payload=0 flags=0x0000
[GYM] Resetting environment...
[HEAP] Allocated blob 6: 1 blocks at offset 0xcc0
[BRIDGE] Received: ENV_STEP payload=0 flags=0x0000
[HEAP] Allocated blob 7: 1 blocks at offset 0xd00
[BRIDGE] Received: ENV_STEP payload=1 flags=0x0000
[HEAP] Allocated blob 8: 1 blocks at offset 0xd40
[BRIDGE] Received: ENV_STEP payload=0 flags=0x0000
[HEAP] Allocated blob 9: 1 blocks at offset 0x1c40
[BRIDGE] Received: ENV_STEP payload=1 flags=0x0000
[HEAP] Allocated blob 10: 1 blocks at offset 0x1c80
[BRIDGE] Received: ENV_STEP payload=0 flags=0x0000
[HEAP] Allocated blob 11: 1 blocks at offset 0x1cc0
[BRIDGE] Received: ENV_STEP payload=1 flags=0x0000
[HEAP] Allocated blob 12: 1 blocks at offset 0x1d00
[BRIDGE] Received: ENV_STEP payload=0 flags=0x0000
[HEAP] Allocated blob 13: 1 blocks at offset 0x1d40
[BRIDGE] Received: ENV_STEP payload=1 flags=0x0000
[HEAP] Allocated blob 14: 1 blocks at offset 0x1d80
[BRIDGE] Received: ENV_STEP payload=0 flags=0x0000
[HEAP] Allocated blob 15: 1 blocks at offset 0x1dc0
[BRIDGE] Received: ENV_STEP payload=1 flags=0x0000
[HEAP] Allocated blob 16: 1 blocks at offset 0x1e00
[BRIDGE] Received: ENV_STEP payload=0 flags=0x0000
[HEAP] Allocated blob 17: 1 blocks at offset 0x1e40
[BRIDGE] Received: ENV_STEP payload=1 flags=0x0000
[HEAP] Allocated blob 18: 1 blocks at offset 0x1e80
[BRIDGE] Received: ENV_STEP payload=0 flags=0x0000
[HEAP] Allocated blob 19: 1 blocks at offset 0x1ec0
[BRIDGE] Received: ENV_STEP payload=1 flags=0x0000
[HEAP] Allocated blob 20: 1 blocks at offset 0x1f00
[BRIDGE] Received: ENV_STEP payload=0 flags=0x0000
[HEAP] Allocated blob 21: 1 blocks at offset 0x1f40
[BRIDGE] Received: ENV_STEP payload=1 flags=0x0000
[HEAP] Allocated blob 22: 1 blocks at offset 0x1f80
[BRIDGE] Received: ENV_STEP payload=0 flags=0x0000
[HEAP] Allocated blob 23: 1 blocks at offset 0x1fc0
[BRIDGE] Received: RUN_MODEL payload=1 flags=0x0000
[BRIDGE] No handler for RUN_MODEL
[BRIDGE] Received: RUN_MODEL payload=0 flags=0x0000
[BRIDGE] No handler for RUN_MODEL
[BRIDGE] Received: RUN_MODEL payload=0 flags=0x0000
[BRIDGE] No handler for RUN_MODEL
[BRIDGE] Received: RUN_MODEL payload=0 flags=0x0000
[BRIDGE] No handler for RUN_MODEL
[BRIDGE] Received: RUN_MODEL payload=0 flags=0x0000
[BRIDGE] No handler for RUN_MODEL
[BRIDGE] Received: RUN_MODEL payload=5 flags=0x0000
[BRIDGE] No handler for RUN_MODEL
[BRIDGE] Received: RUN_MODEL payload=5 flags=0x0000
[BRIDGE] No handler for RUN_MODEL
[BRIDGE] Received: RUN_MODEL payload=5 flags=0x0000
[BRIDGE] No handler for RUN_MODEL
[BRIDGE] Received: ENV_RESET payload=0 flags=0x0000
[GYM] Resetting environment...
[HEAP] Allocated blob 6: 1 blocks at offset 0xcc0
[BRIDGE] Received: ENV_STEP payload=0 flags=0x0000
[HEAP] Allocated blob 7: 1 blocks at offset 0xd00
[BRIDGE] Received: ENV_STEP payload=1 flags=0x0000
[HEAP] Allocated blob 8: 1 blocks at offset 0xd40
[BRIDGE] Received: ENV_STEP payload=0 flags=0x0000
[HEAP] Allocated blob 9: 1 blocks at offset 0x1c40
[BRIDGE] Received: ENV_STEP payload=1 flags=0x0000
[HEAP] Allocated blob 10: 1 blocks at offset 0x1c80
[BRIDGE] Received: ENV_STEP payload=0 flags=0x0000
[HEAP] Allocated blob 11: 1 blocks at offset 0x1cc0
[BRIDGE] Received: ENV_STEP payload=1 flags=0x0000
[HEAP] Allocated blob 12: 1 blocks at offset 0x1d00
[BRIDGE] Received: ENV_STEP payload=0 flags=0x0000
[HEAP] Allocated blob 13: 1 blocks at offset 0x1d40
[BRIDGE] Received: ENV_STEP payload=1 flags=0x0000
[HEAP] Allocated blob 14: 1 blocks at offset 0x1d80
[BRIDGE] Received: ENV_STEP payload=0 flags=0x0000
[HEAP] Allocated blob 15: 1 blocks at offset 0x1dc0
[BRIDGE] Received: ENV_STEP payload=1 flags=0x0000
[HEAP] Allocated blob 16: 1 blocks at offset 0x1e00
[BRIDGE] Received: ENV_STEP payload=0 flags=0x0000
[HEAP] Allocated blob 17: 1 blocks at offset 0x1e40
[BRIDGE] Received: ENV_STEP payload=1 flags=0x0000
[HEAP] Allocated blob 18: 1 blocks at offset 0x1e80
[BRIDGE] Received: ENV_STEP payload=0 flags=0x0000
[HEAP] Allocated blob 19: 1 blocks at offset 0x1ec0
[BRIDGE] Received: ENV_STEP payload=1 flags=0x0000
[HEAP] Allocated blob 20: 1 blocks at offset 0x1f00
[BRIDGE] Received: ENV_STEP payload=0 flags=0x0000
[HEAP] Allocated blob 21: 1 blocks at offset 0x1f40
[BRIDGE] Received: ENV_STEP payload=1 flags=0x0000
[HEAP] Allocated blob 22: 1 blocks at offset 0x1f80
[BRIDGE] Received: ENV_STEP payload=0 flags=0x0000
[HEAP] Allocated blob 23: 1 blocks at offset 0x1fc0
[BRIDGE] Received: ENV_STEP payload=1 flags=0x0000
[HEAP] Allocated blob 24: 1 blocks at offset 0x2000
[BRIDGE] Received: ENV_STEP payload=0 flags=0x0000
[HEAP] Allocated blob 25: 1 blocks at offset 0x2040
[BRIDGE] Received: ENV_STEP payload=1 flags=0x0000
[HEAP] Allocated blob 26: 1 blocks at offset 0x2080
[BRIDGE] Received: RUN_MODEL payload=1 flags=0x0000
[BRIDGE] No handler for RUN_MODEL
[BRIDGE] Received: RUN_MODEL payload=0 flags=0x0000
[BRIDGE] No handler for RUN_MODEL
[BRIDGE] Received: RUN_MODEL payload=0 flags=0x0000
[BRIDGE] No handler for RUN_MODEL
[BRIDGE] Received: RUN_MODEL payload=0 flags=0x0000
[BRIDGE] No handler for RUN_MODEL
[BRIDGE] Received: RUN_MODEL payload=0 flags=0x0000
[BRIDGE] No handler for RUN_MODEL
[BRIDGE] Received: RUN_MODEL payload=5 flags=0x0000
[BRIDGE] No handler for RUN_MODEL
[BRIDGE] Received: RUN_MODEL payload=5 flags=0x0000
[BRIDGE] No handler for RUN_MODEL
[BRIDGE] Received: RUN_MODEL payload=5 flags=0x0000
[BRIDGE] No handler for RUN_MODEL
[BRIDGE] Received: ENV_RESET payload=0 flags=0x0000
[GYM] Resetting environment...
[HEAP] Allocated blob 6: 1 blocks at offset 0xcc0
[BRIDGE] Received: ENV_STEP payload=0 flags=0x0000
[HEAP] Allocated blob 7: 1 blocks at offset 0xd00
[BRIDGE] Received: ENV_STEP payload=1 flags=0x0000
[HEAP] Allocated blob 8: 1 blocks at offset 0xd40
[BRIDGE] Received: ENV_STEP payload=0 flags=0x0000
[HEAP] Allocated blob 9: 1 blocks at offset 0x1c40
[BRIDGE] Received: ENV_STEP payload=1 flags=0x0000
[HEAP] Allocated blob 10: 1 blocks at offset 0x1c80
[BRIDGE] Received: ENV_STEP payload=0 flags=0x0000
[HEAP] Allocated blob 11: 1 blocks at offset 0x1cc0
[BRIDGE] Received: ENV_STEP payload=1 flags=0x0000
[HEAP] Allocated blob 12: 1 blocks at offset 0x1d00
[BRIDGE] Received: ENV_STEP payload=0 flags=0x0000
[HEAP] Allocated blob 13: 1 blocks at offset 0x1d40
[BRIDGE] Received: ENV_STEP payload=1 flags=0x0000
[HEAP] Allocated blob 14: 1 blocks at offset 0x1d80
[BRIDGE] Received: ENV_STEP payload=0 flags=0x0000
[HEAP] Allocated blob 15: 1 blocks at offset 0x1dc0
[BRIDGE] Received: ENV_STEP payload=1 flags=0x0000
[HEAP] Allocated blob 16: 1 blocks at offset 0x1e00
[BRIDGE] Received: ENV_STEP payload=0 flags=0x0000
[HEAP] Allocated blob 17: 1 blocks at offset 0x1e40
[BRIDGE] Received: ENV_STEP payload=1 flags=0x0000
[HEAP] Allocated blob 18: 1 blocks at offset 0x1e80
[BRIDGE] Received: ENV_STEP payload=0 flags=0x0000
[HEAP] Allocated blob 19: 1 blocks at offset 0x1ec0
[BRIDGE] Received: ENV_STEP payload=1 flags=0x0000
[HEAP] Allocated blob 20: 1 blocks at offset 0x1f00
[BRIDGE] Received: ENV_STEP payload=0 flags=0x0000
[HEAP] Allocated blob 21: 1 blocks at offset 0x1f40
[BRIDGE] Received: ENV_STEP payload=1 flags=0x0000
[HEAP] Allocated blob 22: 1 blocks at offset 0x1f80
[BRIDGE] Received: ENV_STEP payload=0 flags=0x0000
[HEAP] Allocated blob 23: 1 blocks at offset 0x1fc0
[BRIDGE] Received: ENV_STEP payload=1 flags=0x0000
[HEAP] Allocated blob 24: 1 blocks at offset 0x2000
[BRIDGE] Received: ENV_STEP payload=0 flags=0x0000
[HEAP] Allocated blob 25: 1 blocks at offset 0x2040
[BRIDGE] Received: ENV_STEP payload=1 flags=0x0000
[HEAP] Allocated blob 26: 1 blocks at offset 0x2080
[BRIDGE] Received: ENV_STEP payload=0 flags=0x0000
[HEAP] Allocated blob 27: 1 blocks at offset 0x20c0
[BRIDGE] Received: RUN_MODEL payload=1 flags=0x0000
[BRIDGE] No handler for RUN_MODEL
[BRIDGE] Received: RUN_MODEL payload=0 flags=0x0000
[BRIDGE] No handler for RUN_MODEL
[BRIDGE] Received: RUN_MODEL payload=0 flags=0x0000
[BRIDGE] No handler for RUN_MODEL
[BRIDGE] Received: RUN_MODEL payload=0 flags=0x0000
[BRIDGE] No handler for RUN_MODEL
[BRIDGE] Received: RUN_MODEL payload=0 flags=0x0000
[BRIDGE] No handler for RUN_MODEL
[BRIDGE] Received: RUN_MODEL payload=5 flags=0x0000
[BRIDGE] No handler for RUN_MODEL
[BRIDGE] Received: RUN_MODEL payload=5 flags=0x0000
[BRIDGE] No handler for RUN_MODEL
[BRIDGE] Received: RUN_MODEL payload=5 flags=0x0000
[BRIDGE] No handler for RUN_MODEL
[BRIDGE] Received: ENV_RESET payload=0 flags=0x0000
[GYM] Resetting environment...
[HEAP] Allocated blob 6: 1 blocks at offset 0xcc0
[BRIDGE] Received: ENV_STEP payload=0 flags=0x0000
[HEAP] Allocated blob 7: 1 blocks at offset 0xd00
[BRIDGE] Received: ENV_STEP payload=1 flags=0x0000
[HEAP] Allocated blob 8: 1 blocks at offset 0xd40
[BRIDGE] Received: ENV_STEP payload=0 flags=0x0000
[HEAP] Allocated blob 9: 1 blocks at offset 0x1c40
[BRIDGE] Received: ENV_STEP payload=1 flags=0x0000
[HEAP] Allocated blob 10: 1 blocks at offset 0x1c80
[BRIDGE] Received: ENV_STEP payload=0 flags=0x0000
[HEAP] Allocated blob 11: 1 blocks at offset 0x1cc0
[BRIDGE] Received: ENV_STEP payload=1 flags=0x0000
[HEAP] Allocated blob 12: 1 blocks at offset 0x1d00
[BRIDGE] Received: ENV_STEP payload=0 flags=0x0000
[HEAP] Allocated blob 13: 1 blocks at offset 0x1d40
[BRIDGE] Received: ENV_STEP payload=1 flags=0x0000
[HEAP] Allocated blob 14: 1 blocks at offset 0x1d80
[BRIDGE] Received: ENV_STEP payload=0 flags=0x0000
[HEAP] Allocated blob 15: 1 blocks at offset 0x1dc0
[BRIDGE] Received: ENV_STEP payload=1 flags=0x0000
[HEAP] Allocated blob 16: 1 blocks at offset 0x1e00
[BRIDGE] Received: ENV_STEP payload=0 flags=0x0000
[HEAP] Allocated blob 17: 1 blocks at offset 0x1e40
[BRIDGE] Received: ENV_STEP payload=1 flags=0x0000
[HEAP] Allocated blob 18: 1 blocks at offset 0x1e80
[BRIDGE] Received: ENV_STEP payload=0 flags=0x0000
[HEAP] Allocated blob 19: 1 blocks at offset 0x1ec0
[BRIDGE] Received: ENV_STEP payload=1 flags=0x0000
[HEAP] Allocated blob 20: 1 blocks at offset 0x1f00
[BRIDGE] Received: ENV_STEP payload=0 flags=0x0000
[HEAP] Allocated blob 21: 1 blocks at offset 0x1f40
[BRIDGE] Received: ENV_STEP payload=1 flags=0x0000
[HEAP] Allocated blob 22: 1 blocks at offset 0x1f80
[BRIDGE] Received: ENV_STEP payload=0 flags=0x0000
[HEAP] Allocated blob 23: 1 blocks at offset 0x1fc0
[BRIDGE] Received: ENV_STEP payload=1 flags=0x0000
[HEAP] Allocated blob 24: 1 blocks at offset 0x2000
[BRIDGE] Received: RUN_MODEL payload=1 flags=0x0000
[BRIDGE] No handler for RUN_MODEL
[BRIDGE] Received: RUN_MODEL payload=0 flags=0x0000
[BRIDGE] No handler for RUN_MODEL
[BRIDGE] Received: RUN_MODEL payload=0 flags=0x0000
[BRIDGE] No handler for RUN_MODEL
[BRIDGE] Received: RUN_MODEL payload=0 flags=0x0000
[BRIDGE] No handler for RUN_MODEL
[BRIDGE] Received: RUN_MODEL payload=0 flags=0x0000
[BRIDGE] No handler for RUN_MODEL
[BRIDGE] Received: RUN_MODEL payload=5 flags=0x0000
[BRIDGE] No handler for RUN_MODEL
[BRIDGE] Received: RUN_MODEL payload=5 flags=0x0000
[BRIDGE] No handler for RUN_MODEL
[BRIDGE] Received: RUN_MODEL payload=5 flags=0x0000
[BRIDGE] No handler for RUN_MODEL
[BRIDGE] Received: ENV_RESET payload=0 flags=0x0000
[GYM] Resetting environment...
[HEAP] Allocated blob 6: 1 blocks at offset 0xcc0
[BRIDGE] Received: ENV_STEP payload=0 flags=0x0000
[HEAP] Allocated blob 7: 1 blocks at offset 0xd00
[BRIDGE] Received: ENV_STEP payload=1 flags=0x0000
[HEAP] Allocated blob 8: 1 blocks at offset 0xd40
[BRIDGE] Received: ENV_STEP payload=0 flags=0x0000
[HEAP] Allocated blob 9: 1 blocks at offset 0x1c40
[BRIDGE] Received: ENV_STEP payload=1 flags=0x0000
[HEAP] Allocated blob 10: 1 blocks at offset 0x1c80
[BRIDGE] Received: ENV_STEP payload=0 flags=0x0000
[HEAP] Allocated blob 11: 1 blocks at offset 0x1cc0
[BRIDGE] Received: ENV_STEP payload=1 flags=0x0000
[HEAP] Allocated blob 12: 1 blocks at offset 0x1d00
[BRIDGE] Received: ENV_STEP payload=0 flags=0x0000
[HEAP] Allocated blob 13: 1 blocks at offset 0x1d40
[BRIDGE] Received: ENV_STEP payload=1 flags=0x0000
[HEAP] Allocated blob 14: 1 blocks at offset 0x1d80
[BRIDGE] Received: ENV_STEP payload=0 flags=0x0000
[HEAP] Allocated blob 15: 1 blocks at offset 0x1dc0
[BRIDGE] Received: ENV_STEP payload=1 flags=0x0000
[HEAP] Allocated blob 16: 1 blocks at offset 0x1e00
[BRIDGE] Received: ENV_STEP payload=0 flags=0x0000
[HEAP] Allocated blob 17: 1 blocks at offset 0x1e40
[BRIDGE] Received: ENV_STEP payload=1 flags=0x0000
[HEAP] Allocated blob 18: 1 blocks at offset 0x1e80
[BRIDGE] Received: ENV_STEP payload=0 flags=0x0000
[HEAP] Allocated blob 19: 1 blocks at offset 0x1ec0
[BRIDGE] Received: ENV_STEP payload=1 flags=0x0000
[HEAP] Allocated blob 20: 1 blocks at offset 0x1f00
[BRIDGE] Received: ENV_STEP payload=0 flags=0x0000
[HEAP] Allocated blob 21: 1 blocks at offset 0x1f40
[BRIDGE] Received: ENV_STEP payload=1 flags=0x0000
[HEAP] Allocated blob 22: 1 blocks at offset 0x1f80
[BRIDGE] Received: ENV_STEP payload=0 flags=0x0000
[HEAP] Allocated blob 23: 1 blocks at offset 0x1fc0
[BRIDGE] Received: ENV_STEP payload=1 flags=0x0000
[HEAP] Allocated blob 24: 1 blocks at offset 0x2000
[BRIDGE] Received: ENV_STEP payload=0 flags=0x0000
[HEAP] Allocated blob 25: 1 blocks at offset 0x2040
[BRIDGE] Received: ENV_STEP payload=1 flags=0x0000
[HEAP] Allocated blob 26: 1 blocks at offset 0x2080
[BRIDGE] Received: ENV_STEP payload=0 flags=0x0000
[HEAP] Allocated blob 27: 1 blocks at offset 0x20c0
[BRIDGE] Received: RUN_MODEL payload=1 flags=0x0000
[BRIDGE] No handler for RUN_MODEL
[BRIDGE] Received: RUN_MODEL payload=0 flags=0x0000
[BRIDGE] No handler for RUN_MODEL
[BRIDGE] Received: RUN_MODEL payload=0 flags=0x0000
[BRIDGE] No handler for RUN_MODEL
[BRIDGE] Received: RUN_MODEL payload=0 flags=0x0000
[BRIDGE] No handler for RUN_MODEL
[BRIDGE] Received: RUN_MODEL payload=0 flags=0x0000
[BRIDGE] No handler for RUN_MODEL
[BRIDGE] Received: RUN_MODEL payload=5 flags=0x0000
[BRIDGE] No handler for RUN_MODEL
[BRIDGE] Received: RUN_MODEL payload=5 flags=0x0000
[BRIDGE] No handler for RUN_MODEL
[BRIDGE] Received: RUN_MODEL payload=5 flags=0x0000
[BRIDGE] No handler for RUN_MODEL
[BRIDGE] Received: ENV_RESET payload=0 flags=0x0000
[GYM] Resetting environment...
[HEAP] Allocated blob 6: 1 blocks at offset 0xcc0
[BRIDGE] Received: ENV_STEP payload=0 flags=0x0000
[HEAP] Allocated blob 7: 1 blocks at offset 0xd00
[BRIDGE] Received: ENV_STEP payload=1 flags=0x0000
[HEAP] Allocated blob 8: 1 blocks at offset 0xd40
[BRIDGE] Received: ENV_STEP payload=0 flags=0x0000
[HEAP] Allocated blob 9: 1 blocks at offset 0x1c40
[BRIDGE] Received: ENV_STEP payload=1 flags=0x0000
[HEAP] Allocated blob 10: 1 blocks at offset 0x1c80
[BRIDGE] Received: ENV_STEP payload=0 flags=0x0000
[HEAP] Allocated blob 11: 1 blocks at offset 0x1cc0
[BRIDGE] Received: ENV_STEP payload=1 flags=0x0000
[HEAP] Allocated blob 12: 1 blocks at offset 0x1d00
[BRIDGE] Received: ENV_STEP payload=0 flags=0x0000
[HEAP] Allocated blob 13: 1 blocks at offset 0x1d40
[BRIDGE] Received: ENV_STEP payload=1 flags=0x0000
[HEAP] Allocated blob 14: 1 blocks at offset 0x1d80
[BRIDGE] Received: ENV_STEP payload=0 flags=0x0000
[HEAP] Allocated blob 15: 1 blocks at offset 0x1dc0
[BRIDGE] Received: ENV_STEP payload=1 flags=0x0000
[HEAP] Allocated blob 16: 1 blocks at offset 0x1e00
[BRIDGE] Received: ENV_STEP payload=0 flags=0x0000
[HEAP] Allocated blob 17: 1 blocks at offset 0x1e40
[BRIDGE] Received: ENV_STEP payload=1 flags=0x0000
[HEAP] Allocated blob 18: 1 blocks at offset 0x1e80
[BRIDGE] Received: ENV_STEP payload=0 flags=0x0000
[HEAP] Allocated blob 19: 1 blocks at offset 0x1ec0
[BRIDGE] Received: ENV_STEP payload=1 flags=0x0000
[HEAP] Allocated blob 20: 1 blocks at offset 0x1f00
[BRIDGE] Received: ENV_STEP payload=0 flags=0x0000
[HEAP] Allocated blob 21: 1 blocks at offset 0x1f40
[BRIDGE] Received: ENV_STEP payload=1 flags=0x0000
[HEAP] Allocated blob 22: 1 blocks at offset 0x1f80
[BRIDGE] Received: ENV_STEP payload=0 flags=0x0000
[HEAP] Allocated blob 23: 1 blocks at offset 0x1fc0
[BRIDGE] Received: ENV_STEP payload=1 flags=0x0000
[HEAP] Allocated blob 24: 1 blocks at offset 0x2000
[BRIDGE] Received: ENV_STEP payload=0 flags=0x0000
[HEAP] Allocated blob 25: 1 blocks at offset 0x2040
[BRIDGE] Received: RUN_MODEL payload=1 flags=0x0000
[BRIDGE] No handler for RUN_MODEL
[BRIDGE] Received: RUN_MODEL payload=0 flags=0x0000
[BRIDGE] No handler for RUN_MODEL
[BRIDGE] Received: RUN_MODEL payload=0 flags=0x0000
[BRIDGE] No handler for RUN_MODEL
[BRIDGE] Received: RUN_MODEL payload=0 flags=0x0000
[BRIDGE] No handler for RUN_MODEL
[BRIDGE] Received: RUN_MODEL payload=0 flags=0x0000
[BRIDGE] No handler for RUN_MODEL
[BRIDGE] Received: RUN_MODEL payload=5 flags=0x0000
[BRIDGE] No handler for RUN_MODEL
[BRIDGE] Received: RUN_MODEL payload=5 flags=0x0000
[BRIDGE] No handler for RUN_MODEL
[BRIDGE] Received: RUN_MODEL payload=5 flags=0x0000
[BRIDGE] No handler for RUN_MODEL
[BRIDGE] Received: ENV_RESET payload=0 flags=0x0000
[GYM] Resetting environment...
[HEAP] Allocated blob 6: 1 blocks at offset 0xcc0
[BRIDGE] Received: ENV_STEP payload=0 flags=0x0000
[HEAP] Allocated blob 7: 1 blocks at offset 0xd00
[BRIDGE] Received: ENV_STEP payload=1 flags=0x0000
[HEAP] Allocated blob 8: 1 blocks at offset 0xd40
[BRIDGE] Received: ENV_STEP payload=0 flags=0x0000
[HEAP] Allocated blob 9: 1 blocks at offset 0x1c40
[BRIDGE] Received: ENV_STEP payload=1 flags=0x0000
[HEAP] Allocated blob 10: 1 blocks at offset 0x1c80
[BRIDGE] Received: ENV_STEP payload=0 flags=0x0000
[HEAP] Allocated blob 11: 1 blocks at offset 0x1cc0
[BRIDGE] Received: ENV_STEP payload=1 flags=0x0000
[HEAP] Allocated blob 12: 1 blocks at offset 0x1d00
[BRIDGE] Received: ENV_STEP payload=0 flags=0x0000
[HEAP] Allocated blob 13: 1 blocks at offset 0x1d40
[BRIDGE] Received: ENV_STEP payload=1 flags=0x0000
[HEAP] Allocated blob 14: 1 blocks at offset 0x1d80
[BRIDGE] Received: ENV_STEP payload=0 flags=0x0000
[HEAP] Allocated blob 15: 1 blocks at offset 0x1dc0
[BRIDGE] Received: ENV_STEP payload=1 flags=0x0000
[HEAP] Allocated blob 16: 1 blocks at offset 0x1e00
[BRIDGE] Received: ENV_STEP payload=0 flags=0x0000
[HEAP] Allocated blob 17: 1 blocks at offset 0x1e40
[BRIDGE] Received: RUN_MODEL payload=1 flags=0x0000
[BRIDGE] No handler for RUN_MODEL
[BRIDGE] Received: RUN_MODEL payload=0 flags=0x0000
[BRIDGE] No handler for RUN_MODEL
[BRIDGE] Received: RUN_MODEL payload=0 flags=0x0000
[BRIDGE] No handler for RUN_MODEL
[BRIDGE] Received: RUN_MODEL payload=0 flags=0x0000
[BRIDGE] No handler for RUN_MODEL
[BRIDGE] Received: RUN_MODEL payload=0 flags=0x0000
[BRIDGE] No handler for RUN_MODEL
[BRIDGE] Received: RUN_MODEL payload=5 flags=0x0000
[BRIDGE] No handler for RUN_MODEL
[BRIDGE] Received: RUN_MODEL payload=5 flags=0x0000
[BRIDGE] No handler for RUN_MODEL
[BRIDGE] Received: RUN_MODEL payload=5 flags=0x0000
[BRIDGE] No handler for RUN_MODEL
[BRIDGE] Received: ENV_RESET payload=0 flags=0x0000
[GYM] Resetting environment...
[HEAP] Allocated blob 6: 1 blocks at offset 0xcc0
[BRIDGE] Received: ENV_STEP payload=0 flags=0x0000
[HEAP] Allocated blob 7: 1 blocks at offset 0xd00
[BRIDGE] Received: ENV_STEP payload=1 flags=0x0000
[HEAP] Allocated blob 8: 1 blocks at offset 0xd40
[BRIDGE] Received: ENV_STEP payload=0 flags=0x0000
[HEAP] Allocated blob 9: 1 blocks at offset 0x1c40
[BRIDGE] Received: ENV_STEP payload=1 flags=0x0000
[HEAP] Allocated blob 10: 1 blocks at offset 0x1c80
[BRIDGE] Received: ENV_STEP payload=0 flags=0x0000
[HEAP] Allocated blob 11: 1 blocks at offset 0x1cc0
[BRIDGE] Received: ENV_STEP payload=1 flags=0x0000
[HEAP] Allocated blob 12: 1 blocks at offset 0x1d00
[BRIDGE] Received: ENV_STEP payload=0 flags=0x0000
[HEAP] Allocated blob 13: 1 blocks at offset 0x1d40
[BRIDGE] Received: ENV_STEP payload=1 flags=0x0000
[HEAP] Allocated blob 14: 1 blocks at offset 0x1d80
[BRIDGE] Received: ENV_STEP payload=0 flags=0x0000
[HEAP] Allocated blob 15: 1 blocks at offset 0x1dc0
[BRIDGE] Received: ENV_STEP payload=1 flags=0x0000
[HEAP] Allocated blob 16: 1 blocks at offset 0x1e00
[BRIDGE] Received: ENV_STEP payload=0 flags=0x0000
[HEAP] Allocated blob 17: 1 blocks at offset 0x1e40
[BRIDGE] Received: ENV_STEP payload=1 flags=0x0000
[HEAP] Allocated blob 18: 1 blocks at offset 0x1e80
[BRIDGE] Received: ENV_STEP payload=0 flags=0x0000
[HEAP] Allocated blob 19: 1 blocks at offset 0x1ec0
[BRIDGE] Received: ENV_STEP payload=1 flags=0x0000
[HEAP] Allocated blob 20: 1 blocks at offset 0x1f00
[BRIDGE] Received: ENV_STEP payload=0 flags=0x0000
[HEAP] Allocated blob 21: 1 blocks at offset 0x1f40
[BRIDGE] Received: ENV_STEP payload=1 flags=0x0000
[HEAP] Allocated blob 22: 1 blocks at offset 0x1f80
[BRIDGE] Received: ENV_STEP payload=0 flags=0x0000
[HEAP] Allocated blob 23: 1 blocks at offset 0x1fc0
[BRIDGE] Received: ENV_STEP payload=1 flags=0x0000
[HEAP] Allocated blob 24: 1 blocks at offset 0x2000
[BRIDGE] Received: RUN_MODEL payload=1 flags=0x0000
[BRIDGE] No handler for RUN_MODEL
[BRIDGE] Received: RUN_MODEL payload=0 flags=0x0000
[BRIDGE] No handler for RUN_MODEL
[BRIDGE] Received: RUN_MODEL payload=0 flags=0x0000
[BRIDGE] No handler for RUN_MODEL
[BRIDGE] Received: RUN_MODEL payload=0 flags=0x0000
[BRIDGE] No handler for RUN_MODEL
[BRIDGE] Received: RUN_MODEL payload=0 flags=0x0000
[BRIDGE] No handler for RUN_MODEL
[BRIDGE] Received: RUN_MODEL payload=5 flags=0x0000
[BRIDGE] No handler for RUN_MODEL
[BRIDGE] Received: RUN_MODEL payload=5 flags=0x0000
[BRIDGE] No handler for RUN_MODEL
[BRIDGE] Received: RUN_MODEL payload=5 flags=0x0000
[BRIDGE] No handler for RUN_MODEL
[BRIDGE] Received: ENV_RESET payload=0 flags=0x0000
[GYM] Resetting environment...
[HEAP] Allocated blob 6: 1 blocks at offset 0xcc0
[BRIDGE] Received: ENV_STEP payload=0 flags=0x0000
[HEAP] Allocated blob 7: 1 blocks at offset 0xd00
[BRIDGE] Received: ENV_STEP payload=1 flags=0x0000
[HEAP] Allocated blob 8: 1 blocks at offset 0xd40
[BRIDGE] Received: ENV_STEP payload=0 flags=0x0000
[HEAP] Allocated blob 9: 1 blocks at offset 0x1c40
[BRIDGE] Received: ENV_STEP payload=1 flags=0x0000
[HEAP] Allocated blob 10: 1 blocks at offset 0x1c80
[BRIDGE] Received: ENV_STEP payload=0 flags=0x0000
[HEAP] Allocated blob 11: 1 blocks at offset 0x1cc0
[BRIDGE] Received: ENV_STEP payload=1 flags=0x0000
[HEAP] Allocated blob 12: 1 blocks at offset 0x1d00
[BRIDGE] Received: ENV_STEP payload=0 flags=0x0000
[HEAP] Allocated blob 13: 1 blocks at offset 0x1d40
[BRIDGE] Received: ENV_STEP payload=1 flags=0x0000
[HEAP] Allocated blob 14: 1 blocks at offset 0x1d80
[BRIDGE] Received: ENV_STEP payload=0 flags=0x0000
[HEAP] Allocated blob 15: 1 blocks at offset 0x1dc0
[BRIDGE] Received: ENV_STEP payload=1 flags=0x0000
[HEAP] Allocated blob 16: 1 blocks at offset 0x1e00
[BRIDGE] Received: ENV_STEP payload=0 flags=0x0000
[HEAP] Allocated blob 17: 1 blocks at offset 0x1e40
[BRIDGE] Received: ENV_STEP payload=1 flags=0x0000
[HEAP] Allocated blob 18: 1 blocks at offset 0x1e80
[BRIDGE] Received: ENV_STEP payload=0 flags=0x0000
[HEAP] Allocated blob 19: 1 blocks at offset 0x1ec0
[BRIDGE] Received: ENV_STEP payload=1 flags=0x0000
[HEAP] Allocated blob 20: 1 blocks at offset 0x1f00
[BRIDGE] Received: ENV_STEP payload=0 flags=0x0000
[HEAP] Allocated blob 21: 1 blocks at offset 0x1f40
[BRIDGE] Received: ENV_STEP payload=1 flags=0x0000
[HEAP] Allocated blob 22: 1 blocks at offset 0x1f80
[BRIDGE] Received: ENV_STEP payload=0 flags=0x0000
[HEAP] Allocated blob 23: 1 blocks at offset 0x1fc0
[BRIDGE] Received: ENV_STEP payload=1 flags=0x0000
[HEAP] Allocated blob 24: 1 blocks at offset 0x2000
[BRIDGE] Received: ENV_STEP payload=0 flags=0x0000
[HEAP] Allocated blob 25: 1 blocks at offset 0x2040
[BRIDGE] Received: RUN_MODEL payload=1 flags=0x0000
[BRIDGE] No handler for RUN_MODEL
