c[?7l[2J[0mSeaBIOS (version rel-1.17.0-0-gb52ca86e094d-prebuilt.qemu.org)


iPXE (http://ipxe.org) 00:03.0 CA00 PCI2.10 PnP PMM+06FD1EC0+06F31EC0 CA00
Press Ctrl-B to configure iPXE (PCI 00:03.0)...                                                                               


Booting from Hard Disk...
Boot failed: could not read the boot disk

Booting from Floppy...
Boot failed: could not read the boot disk

Booting from DVD/CD...
[0;30;47mWelcome to GRUB!

[01;01H[0m[2J  Booting `ZENEDGE Kernel'

ZE>PSVMHH
KM
ZENEDGE kernel booting...
AI + Edge Computing Kernel Playground

[time] initializing time subsystem
[time] using assumed 1000 MHz CPU frequency
[time] init complete
[trace] flight recorder initialized (256 event ring buffer)
[pmm] initializing physical memory manager
[pmm] mboot at 0x00010000, flags=0x00001A67
[pmm] parsing memory map...
[pmm] found 6 memory regions
[pmm] kernel: phys 0x00100000 - 0x00118000
[pmm] NUMA node 0: PFN 256-16496 (16216 free)
[pmm] NUMA node 1: PFN 16496-32736 (16240 free)
[pmm] total memory: 130944 KB (32736 pages)
[pmm] free memory: 129824 KB (32456 pages)
[pmm] init complete
[vmm] initializing virtual memory manager
[vmm] current page directory at 0x00101000
[vmm] paging enabled, kernel at 0xC0000000 (boot mapped 128MB using PSE)
[vmm] init complete
[gdt] initializing GDT with TSS...
[gdt] GDT loaded, TSS installed
[idt] initializing IDT...
[idt] IDT loaded with 32 exceptions + 16 IRQs + syscall
[pic] remapping IRQs to vectors 32-47...
[pic] PIC initialized, all IRQs masked
[pit] configuring timer at 100 Hz
[pit] timer configured, IRQ0 unmasked
[kmain] enabling interrupts...
[syscall] registering syscall handler on vector 128
[ipc] initializing proxy driver...
[ipc] shared ring buffer at 0x02000000 initialized.
[ipc] DEBUG DUMP:
  Magic: 0x51DECA9E
  Head:  0x00000001
  Tail:  0x00000000
  Pending Packets:
    [0x00000000] Cmd: 0x00000001 Payload: 0xDEADBEEF
[ipc-sim] Consuming Packet:
  Cmd: 0x00000001
  Payload: 0xDEADBEEF
[ipc] DEBUG DUMP:
  Magic: 0x51DECA9E
  Head:  0x00000001
  Tail:  0x00000001

=== MEMORY MAP ===
REGION | BASE       | LENGTH     | TYPE
-------|------------|------------|------------
0      | 0x00000000 | 0x0009FC00 | Available
1      | 0x0009FC00 | 0x00000400 | Reserved
2      | 0x000F0000 | 0x00010000 | Reserved
3      | 0x00100000 | 0x07EE0000 | Available
4      | 0x07FE0000 | 0x00020000 | Reserved
5      | 0xFFFC0000 | 0x00040000 | Reserved

=== NUMA TOPOLOGY ===
Node 0: 64860 KB free / 64960 KB total
Node 1: 64960 KB free / 64960 KB total
=== END MAP ===

[contracts] init
[sched] init

--- Demo 0: Tensor Metadata & Admission Control ---
[test] Job memory metrics:
  total_memory_kb: 12
  peak_memory_kb: 8
  pinned_memory_kb: 4
[contracts] applying contract for job 100
[contracts] priority=HIGH, node=1, cpu_budget=50000us, mem_budget=64KB
[test] Admission check (generous budget):
[admit] checking job 100 against contract for job 100
[admit] job peak memory: 8KB, contract budget: 64KB
[admit] estimated CPU: 5000us, budget: 50000us
[admit] job 100 ADMITTED
  result: OK
[contracts] applying contract for job 101
[contracts] priority=LOW, node=1, cpu_budget=1000us, mem_budget=4KB
[test] Admission check (tight budget):
[admit] checking job 100 against contract for job 101
[admit] job peak memory: 8KB, contract budget: 4KB
[admit] REJECTED: memory budget exceeded
  result: REJECT_MEMORY

--- Demo 1: REALTIME priority job (node 0) ---
[contracts] applying contract for job 1
[contracts] priority=REALTIME, node=0, cpu_budget=5000us, mem_budget=16KB
[test] allocating 5 pages via contract...
  page 0 @ node 0
  page 1 @ node 0
  page 2 @ node 0
  page 3 @ node 0
[contracts] job 1 state: OK -> WARNED
  page 4 @ node 0
[contracts] Job 1: state=WARNED, cpu=0/5000us, mem=20/16KB
[test] freeing pages...
[sched] run_job begin (budget: 5000us)
[sched] executing step 0
[sched] BUDGET EXCEED: step 0 took 2741us (limit: 1666us)
[sched] executing step 1
[sched] BUDGET EXCEED: step 1 took 6757us (limit: 1666us)
[sched] executing step 2
[sched] BUDGET EXCEED: step 2 took 2218us (limit: 1666us)
[sched] no ready steps left
[sched] run_job end - 3 steps, 11716us CPU, 3 violations

--- Demo 2: LOW priority job (node 1) ---
[contracts] applying contract for job 2
[contracts] priority=LOW, node=1, cpu_budget=3000us, mem_budget=8KB
[test] allocating 3 pages via LOW contract...
  page 0 @ node 1
  page 1 @ node 1
[contracts] job 2 state: OK -> WARNED
  page 2 @ node 1
[contracts] Job 2: state=WARNED, cpu=0/3000us, mem=12/8KB
[sched] run_job begin (budget: 3000us)
[sched] executing step 0
[sched] BUDGET EXCEED: step 0 took 2243us (limit: 1500us)
[sched] executing step 1
[sched] BUDGET EXCEED: step 1 took 2524us (limit: 1500us)
[sched] no ready steps left
[sched] run_job end - 2 steps, 4767us CPU, 2 violations

--- Final Contract States ---
[contracts] Job 1: state=WARNED, cpu=0/5000us, mem=0/16KB
[contracts] Job 2: state=WARNED, cpu=0/3000us, mem=0/8KB

=== FLIGHT RECORDER DUMP ===
TIME(us)     | TYPE             | JOB  | STEP | EXTRA
-------------|------------------|------|------|--------
516 | BOOT | 0 | 0 | -
3182 | BOOT | 0 | 0 | 0x00007EC8
4715 | BOOT | 0 | 0 | 0x0000C0DE
31023 | CONTRACT_APPLY | 100 | 0 | 0x0000C350
32872 | UNKNOWN | 100 | 8 | 0x00001388
33388 | CONTRACT_APPLY | 101 | 0 | 0x000003E8
34044 | UNKNOWN | 100 | 1 | 0x00000008
34769 | CONTRACT_APPLY | 1 | 0 | 0x00001388
35671 | MEM_ALLOC | 1 | 0 | 0x00000001
36129 | MEM_ALLOC | 1 | 0 | 0x00000001
36723 | MEM_ALLOC | 1 | 0 | 0x00000001
37688 | MEM_ALLOC | 1 | 0 | 0x00000001
38421 | MEM_EXCEED | 1 | 0 | 0x00000014
44637 | STATE_CHANGE | 1 | 0 | 0x00000001
44664 | MEM_ALLOC | 1 | 0 | 0x00000001
46726 | MEM_FREE | 1 | 0 | 0x00000001
46740 | MEM_FREE | 1 | 0 | 0x00000001
46747 | MEM_FREE | 1 | 0 | 0x00000001
46755 | MEM_FREE | 1 | 0 | 0x00000001
46762 | MEM_FREE | 1 | 0 | 0x00000001
46990 | JOB_SUBMIT | 1 | 0 | 0x00000003
47102 | STEP_START | 1 | 0 | -
49874 | STEP_END | 1 | 0 | 2741us
50346 | BUDGET_EXCEED | 1 | 0 | 0x00000AB5
50482 | STEP_START | 1 | 1 | -
57242 | STEP_END | 1 | 1 | 6757us
57461 | BUDGET_EXCEED | 1 | 1 | 0x00001A65
57480 | STEP_START | 1 | 2 | -
59698 | STEP_END | 1 | 2 | 2218us
59857 | BUDGET_EXCEED | 1 | 2 | 0x000008AA
59962 | JOB_COMPLETE | 1 | 0 | -
60857 | CONTRACT_APPLY | 2 | 0 | 0x00000BB8
61075 | MEM_ALLOC | 2 | 1 | 0x00000001
61253 | MEM_ALLOC | 2 | 1 | 0x00000001
61334 | MEM_EXCEED | 2 | 0 | 0x0000000C
61441 | STATE_CHANGE | 2 | 0 | 0x00000001
61443 | MEM_ALLOC | 2 | 1 | 0x00000001
61674 | MEM_FREE | 2 | 1 | 0x00000001
61682 | MEM_FREE | 2 | 1 | 0x00000001
61689 | MEM_FREE | 2 | 1 | 0x00000001
61856 | JOB_SUBMIT | 2 | 0 | 0x00000002
61859 | STEP_START | 2 | 0 | -
64104 | STEP_END | 2 | 0 | 2243us
64252 | BUDGET_EXCEED | 2 | 0 | 0x000008C3
64254 | STEP_START | 2 | 1 | -
66787 | STEP_END | 2 | 1 | 2524us
68453 | BUDGET_EXCEED | 2 | 1 | 0x000009DC
68855 | JOB_COMPLETE | 2 | 0 | -
=== END DUMP (48 events) ===


--- Interrupt System Demo ---
[demo] waiting ~500ms for timer ticks...
[demo] timer ticks elapsed: 50 (expected ~50 at 100Hz)

--- Round Robin Scheduler Demo ---
[sched] initializing RR scheduler...
[vmm] new user PD at phys 0x0011C000 (virt 0xC011C000)
[vmm] kernel PD at phys 0x00101000 (virt 0xC0101000)
[vmm] kernel_pd[768] = 0x000000E3, new_pd[768] = 0x000000E3
SWCR3OK
SWCR3OK
[kmain] Scheduler active. Idle loop.
[USER] Hello from User Space!
[USER] Hello from User Space!
[USER] Hello from User Space!
[USER] Hello from User Space!
[USER] Hello from User Space!
[USER] Hello from User Space!
[USER] Hello from User Space!
c[?7l[2J[0mSeaBIOS (version rel-1.17.0-0-gb52ca86e094d-prebuilt.qemu.org)


iPXE (http://ipxe.org) 00:03.0 CA00 PCI2.10 PnP PMM+06FD1EC0+06F31EC0 CA00
Press Ctrl-B to configure iPXE (PCI 00:03.0)...                                                                               


Booting from Hard Disk...
Boot failed: could not read the boot disk

Booting from Floppy...
Boot failed: could not read the boot disk

Booting from DVD/CD...
[0;30;47mWelcome to GRUB!

[01;01H[0m[2J  Booting `ZENEDGE Kernel'

ZE>PSVMHH
KM
ZENEDGE kernel booting...
AI + Edge Computing Kernel Playground

[time] initializing time subsystem
[time] using assumed 1000 MHz CPU frequency
[time] init complete
[trace] flight recorder initialized (256 event ring buffer)
[pmm] initializing physical memory manager
[pmm] mboot at 0x00010000, flags=0x00001A67
[pmm] parsing memory map...
[pmm] found 6 memory regions
[pmm] kernel: phys 0x00100000 - 0x00118000
[pmm] NUMA node 0: PFN 256-16496 (16216 free)
[pmm] NUMA node 1: PFN 16496-32736 (16240 free)
[pmm] total memory: 130944 KB (32736 pages)
[pmm] free memory: 129824 KB (32456 pages)
[pmm] init complete
[vmm] initializing virtual memory manager
[vmm] current page directory at 0x00101000
[vmm] paging enabled, kernel at 0xC0000000 (boot mapped 128MB using PSE)
[vmm] init complete
[gdt] initializing GDT with TSS...
[gdt] GDT loaded, TSS installed
[idt] initializing IDT...
[idt] IDT loaded with 32 exceptions + 16 IRQs + syscall
[pic] remapping IRQs to vectors 32-47...
[pic] PIC initialized, all IRQs masked
[pit] configuring timer at 100 Hz
[pit] timer configured, IRQ0 unmasked
[kmain] enabling interrupts...
[syscall] registering syscall handler on vector 128
[ipc] initializing proxy driver...
[ipc] shared ring buffer at 0x02000000 initialized.
[ipc] DEBUG DUMP:
  Magic: 0x51DECA9E
  Head:  0x00000001
  Tail:  0x00000000
  Pending Packets:
    [0x00000000] Cmd: 0x00000001 Payload: 0xDEADBEEF
[ipc-sim] Consuming Packet:
  Cmd: 0x00000001
  Payload: 0xDEADBEEF
[ipc] DEBUG DUMP:
  Magic: 0x51DECA9E
  Head:  0x00000001
  Tail:  0x00000001

=== MEMORY MAP ===
REGION | BASE       | LENGTH     | TYPE
-------|------------|------------|------------
0      | 0x00000000 | 0x0009FC00 | Available
1      | 0x0009FC00 | 0x00000400 | Reserved
2      | 0x000F0000 | 0x00010000 | Reserved
3      | 0x00100000 | 0x07EE0000 | Available
4      | 0x07FE0000 | 0x00020000 | Reserved
5      | 0xFFFC0000 | 0x00040000 | Reserved

=== NUMA TOPOLOGY ===
Node 0: 64860 KB free / 64960 KB total
Node 1: 64960 KB free / 64960 KB total
=== END MAP ===

[contracts] init
[sched] init

--- Demo 0: Tensor Metadata & Admission Control ---
[test] Job memory metrics:
  total_memory_kb: 12
  peak_memory_kb: 8
  pinned_memory_kb: 4
[contracts] applying contract for job 100
[contracts] priority=HIGH, node=1, cpu_budget=50000us, mem_budget=64KB
[test] Admission check (generous budget):
[admit] checking job 100 against contract for job 100
[admit] job peak memory: 8KB, contract budget: 64KB
[admit] estimated CPU: 5000us, budget: 50000us
[admit] job 100 ADMITTED
  result: OK
[contracts] applying contract for job 101
[contracts] priority=LOW, node=1, cpu_budget=1000us, mem_budget=4KB
[test] Admission check (tight budget):
[admit] checking job 100 against contract for job 101
[admit] job peak memory: 8KB, contract budget: 4KB
[admit] REJECTED: memory budget exceeded
  result: REJECT_MEMORY

--- Demo 1: REALTIME priority job (node 0) ---
[contracts] applying contract for job 1
[contracts] priority=REALTIME, node=0, cpu_budget=5000us, mem_budget=16KB
[test] allocating 5 pages via contract...
  page 0 @ node 0
  page 1 @ node 0
  page 2 @ node 0
  page 3 @ node 0
[contracts] job 1 state: OK -> WARNED
  page 4 @ node 0
[contracts] Job 1: state=WARNED, cpu=0/5000us, mem=20/16KB
[test] freeing pages...
[sched] run_job begin (budget: 5000us)
[sched] executing step 0
[sched] BUDGET EXCEED: step 0 took 2854us (limit: 1666us)
[sched] executing step 1
[sched] BUDGET EXCEED: step 1 took 7083us (limit: 1666us)
[sched] executing step 2
[sched] BUDGET EXCEED: step 2 took 2239us (limit: 1666us)
[sched] no ready steps left
[sched] run_job end - 3 steps, 12176us CPU, 3 violations

--- Demo 2: LOW priority job (node 1) ---
[contracts] applying contract for job 2
[contracts] priority=LOW, node=1, cpu_budget=3000us, mem_budget=8KB
[test] allocating 3 pages via LOW contract...
  page 0 @ node 1
  page 1 @ node 1
[contracts] job 2 state: OK -> WARNED
  page 2 @ node 1
[contracts] Job 2: state=WARNED, cpu=0/3000us, mem=12/8KB
[sched] run_job begin (budget: 3000us)
[sched] executing step 0
[sched] BUDGET EXCEED: step 0 took 2351us (limit: 1500us)
[sched] executing step 1
[sched] BUDGET EXCEED: step 1 took 2258us (limit: 1500us)
[sched] no ready steps left
[sched] run_job end - 2 steps, 4609us CPU, 2 violations

--- Final Contract States ---
[contracts] Job 1: state=WARNED, cpu=0/5000us, mem=0/16KB
[contracts] Job 2: state=WARNED, cpu=0/3000us, mem=0/8KB

=== FLIGHT RECORDER DUMP ===
TIME(us)     | TYPE             | JOB  | STEP | EXTRA
-------------|------------------|------|------|--------
638 | BOOT | 0 | 0 | -
2950 | BOOT | 0 | 0 | 0x00007EC8
3965 | BOOT | 0 | 0 | 0x0000C0DE
11993 | CONTRACT_APPLY | 100 | 0 | 0x0000C350
13340 | UNKNOWN | 100 | 8 | 0x00001388
13710 | CONTRACT_APPLY | 101 | 0 | 0x000003E8
14276 | UNKNOWN | 100 | 1 | 0x00000008
15456 | CONTRACT_APPLY | 1 | 0 | 0x00001388
15702 | MEM_ALLOC | 1 | 0 | 0x00000001
15824 | MEM_ALLOC | 1 | 0 | 0x00000001
15901 | MEM_ALLOC | 1 | 0 | 0x00000001
15953 | MEM_ALLOC | 1 | 0 | 0x00000001
16016 | MEM_EXCEED | 1 | 0 | 0x00000014
16237 | STATE_CHANGE | 1 | 0 | 0x00000001
16258 | MEM_ALLOC | 1 | 0 | 0x00000001
16948 | MEM_FREE | 1 | 0 | 0x00000001
16967 | MEM_FREE | 1 | 0 | 0x00000001
16975 | MEM_FREE | 1 | 0 | 0x00000001
16982 | MEM_FREE | 1 | 0 | 0x00000001
16989 | MEM_FREE | 1 | 0 | 0x00000001
17237 | JOB_SUBMIT | 1 | 0 | 0x00000003
17351 | STEP_START | 1 | 0 | -
20252 | STEP_END | 1 | 0 | 2854us
20663 | BUDGET_EXCEED | 1 | 0 | 0x00000B26
20932 | STEP_START | 1 | 1 | -
28018 | STEP_END | 1 | 1 | 7083us
28223 | BUDGET_EXCEED | 1 | 1 | 0x00001BAB
28240 | STEP_START | 1 | 2 | -
30479 | STEP_END | 1 | 2 | 2239us
30639 | BUDGET_EXCEED | 1 | 2 | 0x000008BF
30743 | JOB_COMPLETE | 1 | 0 | -
31793 | CONTRACT_APPLY | 2 | 0 | 0x00000BB8
31964 | MEM_ALLOC | 2 | 1 | 0x00000001
32118 | MEM_ALLOC | 2 | 1 | 0x00000001
32194 | MEM_EXCEED | 2 | 0 | 0x0000000C
32295 | STATE_CHANGE | 2 | 0 | 0x00000001
32297 | MEM_ALLOC | 2 | 1 | 0x00000001
32571 | MEM_FREE | 2 | 1 | 0x00000001
32580 | MEM_FREE | 2 | 1 | 0x00000001
32587 | MEM_FREE | 2 | 1 | 0x00000001
32716 | JOB_SUBMIT | 2 | 0 | 0x00000002
32719 | STEP_START | 2 | 0 | -
35073 | STEP_END | 2 | 0 | 2351us
35244 | BUDGET_EXCEED | 2 | 0 | 0x0000092F
35248 | STEP_START | 2 | 1 | -
37508 | STEP_END | 2 | 1 | 2258us
37687 | BUDGET_EXCEED | 2 | 1 | 0x000008D2
37764 | JOB_COMPLETE | 2 | 0 | -
=== END DUMP (48 events) ===


--- Interrupt System Demo ---
[demo] waiting ~500ms for timer ticks...
[demo] timer ticks elapsed: 50 (expected ~50 at 100Hz)

--- Round Robin Scheduler Demo ---
[sched] initializing RR scheduler...
[vmm] new user PD at phys 0x0011C000 (virt 0xC011C000)
[vmm] kernel PD at phys 0x00101000 (virt 0xC0101000)
[vmm] kernel_pd[768] = 0x000000E3, new_pd[768] = 0x000000E3
SWCR3OK
SWCR3OK
[kmain] Scheduler active. Idle loop.
[USER] Hello from User Space!
[USER] Hello from User Space!
[USER] Hello from User Space!
[USER] Hello from User Space!
[USER] Hello from User Space!
[USER] Hello from User Space!
[USER] Hello from User Space!
c[?7l[2J[0mSeaBIOS (version rel-1.17.0-0-gb52ca86e094d-prebuilt.qemu.org)


iPXE (http://ipxe.org) 00:03.0 CA00 PCI2.10 PnP PMM+06FD1EC0+06F31EC0 CA00
Press Ctrl-B to configure iPXE (PCI 00:03.0)...                                                                               


Booting from Hard Disk...
Boot failed: could not read the boot disk

Booting from Floppy...
Boot failed: could not read the boot disk

Booting from DVD/CD...
[0;30;47mWelcome to GRUB!

[01;01H[0m[2J  Booting `ZENEDGE Ke[01;21H[01;22Hrnel'

ZE>PSVMHH
KM
ZENEDGE kernel booting...
AI + Edge Computing Kernel Playground

[time] initializing time subsystem
[time] using assumed 1000 MHz CPU frequency
[time] init complete
[trace] flight recorder initialized (256 event ring buffer)
[pmm] initializing physical memory manager
[pmm] mboot at 0x00010000, flags=0x00001A67
[pmm] parsing memory map...
[pmm] found 6 memory regions
[pmm] kernel: phys 0x00100000 - 0x00118000
[pmm] NUMA node 0: PFN 256-16496 (16216 free)
[pmm] NUMA node 1: PFN 16496-32736 (16240 free)
[pmm] total memory: 130944 KB (32736 pages)
[pmm] free memory: 129824 KB (32456 pages)
[pmm] init complete
[vmm] initializing virtual memory manager
[vmm] current page directory at 0x00101000
[vmm] paging enabled, kernel at 0xC0000000 (boot mapped 128MB using PSE)
[vmm] init complete
[gdt] initializing GDT with TSS...
[gdt] GDT loaded, TSS installed
[idt] initializing IDT...
[idt] IDT loaded with 32 exceptions + 16 IRQs + syscall
[pic] remapping IRQs to vectors 32-47...
[pic] PIC initialized, all IRQs masked
[pit] configuring timer at 100 Hz
[pit] timer configured, IRQ0 unmasked
[kmain] enabling interrupts...
[syscall] registering syscall handler on vector 128
[ipc] initializing proxy driver...
[ipc] shared ring buffer at 0x02000000 initialized.
[ipc] DEBUG DUMP:
  Magic: 0x51DECA9E
  Head:  0x00000001
  Tail:  0x00000000
  Pending Packets:
    [0x00000000] Cmd: 0x00000001 Payload: 0xDEADBEEF
[ipc-sim] Consuming Packet:
  Cmd: 0x00000001
  Payload: 0xDEADBEEF
[ipc] DEBUG DUMP:
  Magic: 0x51DECA9E
  Head:  0x00000001
  Tail:  0x00000001

=== MEMORY MAP ===
REGION | BASE       | LENGTH     | TYPE
-------|------------|------------|------------
0      | 0x00000000 | 0x0009FC00 | Available
1      | 0x0009FC00 | 0x00000400 | Reserved
2      | 0x000F0000 | 0x00010000 | Reserved
3      | 0x00100000 | 0x07EE0000 | Available
4      | 0x07FE0000 | 0x00020000 | Reserved
5      | 0xFFFC0000 | 0x00040000 | Reserved

=== NUMA TOPOLOGY ===
Node 0: 64860 KB free / 64960 KB total
Node 1: 64960 KB free / 64960 KB total
=== END MAP ===

[contracts] init
[sched] init

--- Demo 0: Tensor Metadata & Admission Control ---
[test] Job memory metrics:
  total_memory_kb: 12
  peak_memory_kb: 8
  pinned_memory_kb: 4
[contracts] applying contract for job 100
[contracts] priority=HIGH, node=1, cpu_budget=50000us, mem_budget=64KB
[test] Admission check (generous budget):
[admit] checking job 100 against contract for job 100
[admit] job peak memory: 8KB, contract budget: 64KB
[admit] estimated CPU: 5000us, budget: 50000us
[admit] job 100 ADMITTED
  result: OK
[contracts] applying contract for job 101
[contracts] priority=LOW, node=1, cpu_budget=1000us, mem_budget=4KB
[test] Admission check (tight budget):
[admit] checking job 100 against contract for job 101
[admit] job peak memory: 8KB, contract budget: 4KB
[admit] REJECTED: memory budget exceeded
  result: REJECT_MEMORY

--- Demo 1: REALTIME priority job (node 0) ---
[contracts] applying contract for job 1
[contracts] priority=REALTIME, node=0, cpu_budget=5000us, mem_budget=16KB
[test] allocating 5 pages via contract...
  page 0 @ node 0
  page 1 @ node 0
  page 2 @ node 0
  page 3 @ node 0
[contracts] job 1 state: OK -> WARNED
  page 4 @ node 0
[contracts] Job 1: state=WARNED, cpu=0/5000us, mem=20/16KB
[test] freeing pages...
[sched] run_job begin (budget: 5000us)
[sched] executing step 0
[sched] BUDGET EXCEED: step 0 took 2796us (limit: 1666us)
[sched] executing step 1
[sched] BUDGET EXCEED: step 1 took 6518us (limit: 1666us)
[sched] executing step 2
[sched] BUDGET EXCEED: step 2 took 2323us (limit: 1666us)
[sched] no ready steps left
[sched] run_job end - 3 steps, 11637us CPU, 3 violations

--- Demo 2: LOW priority job (node 1) ---
[contracts] applying contract for job 2
[contracts] priority=LOW, node=1, cpu_budget=3000us, mem_budget=8KB
[test] allocating 3 pages via LOW contract...
  page 0 @ node 1
  page 1 @ node 1
[contracts] job 2 state: OK -> WARNED
  page 2 @ node 1
[contracts] Job 2: state=WARNED, cpu=0/3000us, mem=12/8KB
[sched] run_job begin (budget: 3000us)
[sched] executing step 0
[sched] BUDGET EXCEED: step 0 took 2190us (limit: 1500us)
[sched] executing step 1
[sched] BUDGET EXCEED: step 1 took 2189us (limit: 1500us)
[sched] no ready steps left
[sched] run_job end - 2 steps, 4379us CPU, 2 violations

--- Final Contract States ---
[contracts] Job 1: state=WARNED, cpu=0/5000us, mem=0/16KB
[contracts] Job 2: state=WARNED, cpu=0/3000us, mem=0/8KB

=== FLIGHT RECORDER DUMP ===
TIME(us)     | TYPE             | JOB  | STEP | EXTRA
-------------|------------------|------|------|--------
414 | BOOT | 0 | 0 | -
2484 | BOOT | 0 | 0 | 0x00007EC8
3409 | BOOT | 0 | 0 | 0x0000C0DE
10460 | CONTRACT_APPLY | 100 | 0 | 0x0000C350
11968 | UNKNOWN | 100 | 8 | 0x00001388
12325 | CONTRACT_APPLY | 101 | 0 | 0x000003E8
12789 | UNKNOWN | 100 | 1 | 0x00000008
13316 | CONTRACT_APPLY | 1 | 0 | 0x00001388
13540 | MEM_ALLOC | 1 | 0 | 0x00000001
13649 | MEM_ALLOC | 1 | 0 | 0x00000001
13714 | MEM_ALLOC | 1 | 0 | 0x00000001
13759 | MEM_ALLOC | 1 | 0 | 0x00000001
13815 | MEM_EXCEED | 1 | 0 | 0x00000014
14014 | STATE_CHANGE | 1 | 0 | 0x00000001
14034 | MEM_ALLOC | 1 | 0 | 0x00000001
14622 | MEM_FREE | 1 | 0 | 0x00000001
14640 | MEM_FREE | 1 | 0 | 0x00000001
14648 | MEM_FREE | 1 | 0 | 0x00000001
14654 | MEM_FREE | 1 | 0 | 0x00000001
14661 | MEM_FREE | 1 | 0 | 0x00000001
14841 | JOB_SUBMIT | 1 | 0 | 0x00000003
14949 | STEP_START | 1 | 0 | -
17781 | STEP_END | 1 | 0 | 2796us
18143 | BUDGET_EXCEED | 1 | 0 | 0x00000AEC
18273 | STEP_START | 1 | 1 | -
24795 | STEP_END | 1 | 1 | 6518us
24988 | BUDGET_EXCEED | 1 | 1 | 0x00001976
25004 | STEP_START | 1 | 2 | -
27328 | STEP_END | 1 | 2 | 2323us
27482 | BUDGET_EXCEED | 1 | 2 | 0x00000913
27583 | JOB_COMPLETE | 1 | 0 | -
28428 | CONTRACT_APPLY | 2 | 0 | 0x00000BB8
28568 | MEM_ALLOC | 2 | 1 | 0x00000001
28695 | MEM_ALLOC | 2 | 1 | 0x00000001
28759 | MEM_EXCEED | 2 | 0 | 0x0000000C
28854 | STATE_CHANGE | 2 | 0 | 0x00000001
28856 | MEM_ALLOC | 2 | 1 | 0x00000001
29055 | MEM_FREE | 2 | 1 | 0x00000001
29062 | MEM_FREE | 2 | 1 | 0x00000001
29069 | MEM_FREE | 2 | 1 | 0x00000001
29183 | JOB_SUBMIT | 2 | 0 | 0x00000002
29186 | STEP_START | 2 | 0 | -
31377 | STEP_END | 2 | 0 | 2190us
31516 | BUDGET_EXCEED | 2 | 0 | 0x0000088E
31519 | STEP_START | 2 | 1 | -
33708 | STEP_END | 2 | 1 | 2189us
33857 | BUDGET_EXCEED | 2 | 1 | 0x0000088D
33924 | JOB_COMPLETE | 2 | 0 | -
=== END DUMP (48 events) ===


--- Interrupt System Demo ---
[demo] waiting ~500ms for timer ticks...
[demo] timer ticks elapsed: 50 (expected ~50 at 100Hz)

--- Round Robin Scheduler Demo ---
[sched] initializing RR scheduler...
[vmm] new user PD at phys 0x0011C000 (virt 0xC011C000)
[vmm] kernel PD at phys 0x00101000 (virt 0xC0101000)
[vmm] kernel_pd[768] = 0x000000E3, new_pd[768] = 0x000000E3
SWCR3OK
SWCR3OK
[kmain] Scheduler active. Idle loop.
[USER] Hello from User Space!
[USER] Hello from User Space!
[USER] Hello from User Space!
[USER] Hello from User Space!
[USER] Hello from User Space!
[USER] Hello from User Space!
[USER] Hello from User Space!
qemu-system-i386: terminating on signal 15 from pid 26144 (<unknown process>)
